2017-10-20 17:30:32.328  INFO 11448 --- [main] com.csye6225.demo.DemoApplicationTests   : Starting DemoApplicationTests on rebe-VirtualBox with PID 11448 (started by rebe in /home/rebe/csye6225-fall2017)
2017-10-20 17:30:32.378  INFO 11448 --- [main] com.csye6225.demo.DemoApplicationTests   : No active profile set, falling back to default profiles: default
2017-10-20 17:30:34.189  INFO 11448 --- [main] o.s.w.c.s.GenericWebApplicationContext   : Refreshing org.springframework.web.context.support.GenericWebApplicationContext@563f38c4: startup date [Fri Oct 20 17:30:34 EDT 2017]; root of context hierarchy
2017-10-20 17:30:40.299  INFO 11448 --- [main] o.s.b.f.s.DefaultListableBeanFactory     : Overriding bean definition for bean 'managementServletContext' with a different definition: replacing [Root bean: class [null]; scope=; abstract=false; lazyInit=false; autowireMode=3; dependencyCheck=0; autowireCandidate=true; primary=false; factoryBeanName=org.springframework.boot.actuate.autoconfigure.EndpointWebMvcHypermediaManagementContextConfiguration; factoryMethodName=managementServletContext; initMethodName=null; destroyMethodName=(inferred); defined in class path resource [org/springframework/boot/actuate/autoconfigure/EndpointWebMvcHypermediaManagementContextConfiguration.class]] with [Root bean: class [null]; scope=; abstract=false; lazyInit=false; autowireMode=3; dependencyCheck=0; autowireCandidate=true; primary=false; factoryBeanName=org.springframework.boot.actuate.autoconfigure.EndpointWebMvcAutoConfiguration; factoryMethodName=managementServletContext; initMethodName=null; destroyMethodName=(inferred); defined in class path resource [org/springframework/boot/actuate/autoconfigure/EndpointWebMvcAutoConfiguration.class]]
2017-10-20 17:30:40.801  INFO 11448 --- [main] o.s.b.f.s.DefaultListableBeanFactory     : Overriding bean definition for bean 'propertySourcesPlaceholderConfigurer' with a different definition: replacing [Root bean: class [org.springframework.boot.autoconfigure.context.PropertyPlaceholderAutoConfiguration]; scope=; abstract=false; lazyInit=false; autowireMode=3; dependencyCheck=0; autowireCandidate=true; primary=false; factoryBeanName=null; factoryMethodName=propertySourcesPlaceholderConfigurer; initMethodName=null; destroyMethodName=(inferred); defined in class path resource [org/springframework/boot/autoconfigure/context/PropertyPlaceholderAutoConfiguration.class]] with [Root bean: class [org.springframework.boot.autoconfigure.session.JdbcSessionConfiguration$SpringBootJdbcHttpSessionConfiguration]; scope=; abstract=false; lazyInit=false; autowireMode=3; dependencyCheck=0; autowireCandidate=true; primary=false; factoryBeanName=null; factoryMethodName=propertySourcesPlaceholderConfigurer; initMethodName=null; destroyMethodName=(inferred); defined in class path resource [org/springframework/boot/autoconfigure/session/JdbcSessionConfiguration$SpringBootJdbcHttpSessionConfiguration.class]]
2017-10-20 17:30:47.324  INFO 11448 --- [main] j.LocalContainerEntityManagerFactoryBean : Building JPA container EntityManagerFactory for persistence unit 'default'
2017-10-20 17:30:47.405  INFO 11448 --- [main] o.hibernate.jpa.internal.util.LogHelper  : HHH000204: Processing PersistenceUnitInfo [
	name: default
	...]
2017-10-20 17:30:47.914  INFO 11448 --- [main] org.hibernate.Version                    : HHH000412: Hibernate Core {5.0.12.Final}
2017-10-20 17:30:47.930  INFO 11448 --- [main] org.hibernate.cfg.Environment            : HHH000206: hibernate.properties not found
2017-10-20 17:30:47.943  INFO 11448 --- [main] org.hibernate.cfg.Environment            : HHH000021: Bytecode provider name : javassist
2017-10-20 17:30:48.497  INFO 11448 --- [main] o.hibernate.annotations.common.Version   : HCANN000001: Hibernate Commons Annotations {5.0.1.Final}
2017-10-20 17:30:49.203  INFO 11448 --- [main] org.hibernate.dialect.Dialect            : HHH000400: Using dialect: org.hibernate.dialect.MySQL5Dialect
2017-10-20 17:30:50.563  WARN 11448 --- [main] org.hibernate.id.UUIDHexGenerator        : HHH000409: Using org.hibernate.id.UUIDHexGenerator which does not generate IETF RFC 4122 compliant UUID values; consider using org.hibernate.id.UUIDGenerator instead
2017-10-20 17:30:52.163  INFO 11448 --- [main] org.hibernate.tool.hbm2ddl.SchemaUpdate  : HHH000228: Running hbm2ddl schema update
2017-10-20 17:30:52.745  INFO 11448 --- [main] j.LocalContainerEntityManagerFactoryBean : Initialized JPA EntityManagerFactory for persistence unit 'default'
2017-10-20 17:30:57.197  INFO 11448 --- [main] o.h.h.i.QueryTranslatorFactoryInitiator  : HHH000397: Using ASTQueryTranslatorFactory
2017-10-20 17:30:59.449  INFO 11448 --- [main] o.s.s.web.DefaultSecurityFilterChain     : Creating filter chain: org.springframework.security.web.util.matcher.AnyRequestMatcher@1, [org.springframework.security.web.context.request.async.WebAsyncManagerIntegrationFilter@59f7c106, org.springframework.security.web.context.SecurityContextPersistenceFilter@30228de7, org.springframework.security.web.header.HeaderWriterFilter@f810c18, org.springframework.security.web.authentication.logout.LogoutFilter@35329a05, org.springframework.security.web.authentication.www.BasicAuthenticationFilter@1c011855, org.springframework.security.web.savedrequest.RequestCacheAwareFilter@2e159116, org.springframework.security.web.servletapi.SecurityContextHolderAwareRequestFilter@21a5b599, org.springframework.security.web.authentication.AnonymousAuthenticationFilter@136fece2, org.springframework.security.web.session.SessionManagementFilter@2c668c2a, org.springframework.security.web.access.ExceptionTranslationFilter@1ad1b737, org.springframework.security.web.access.intercept.FilterSecurityInterceptor@2ffa91dc]
2017-10-20 17:31:01.706  INFO 11448 --- [main] o.s.b.t.m.w.SpringBootMockServletContext : Initializing Spring FrameworkServlet ''
2017-10-20 17:31:01.713  INFO 11448 --- [main] o.s.t.web.servlet.TestDispatcherServlet  : FrameworkServlet '': initialization started
2017-10-20 17:31:02.221  INFO 11448 --- [main] s.w.s.m.m.a.RequestMappingHandlerMapping : Mapped "{[/tasks/{id}/attachments],methods=[POST]}" onto public com.csye6225.demo.pojo.Attachment com.csye6225.demo.controllers.AttachmentController.addFile(com.csye6225.demo.pojo.Attachment,java.lang.String,javax.servlet.http.HttpServletResponse) throws java.lang.Exception
2017-10-20 17:31:02.243  INFO 11448 --- [main] s.w.s.m.m.a.RequestMappingHandlerMapping : Mapped "{[/tasks/{id}/attachments/{idAttachments}],methods=[DELETE]}" onto public void com.csye6225.demo.controllers.AttachmentController.deleteFile(java.lang.String,java.lang.String,javax.servlet.http.HttpServletResponse) throws java.lang.Exception
2017-10-20 17:31:02.245  INFO 11448 --- [main] s.w.s.m.m.a.RequestMappingHandlerMapping : Mapped "{[/tasks/{id}/attachments],methods=[GET]}" onto public java.util.Set<com.csye6225.demo.pojo.Attachment> com.csye6225.demo.controllers.AttachmentController.detailFile(java.lang.String,javax.servlet.http.HttpServletResponse) throws java.lang.Exception
2017-10-20 17:31:02.245  INFO 11448 --- [main] s.w.s.m.m.a.RequestMappingHandlerMapping : Mapped "{[/],methods=[GET],produces=[application/json]}" onto public java.lang.String com.csye6225.demo.controllers.HomeController.welcome()
2017-10-20 17:31:02.269  INFO 11448 --- [main] s.w.s.m.m.a.RequestMappingHandlerMapping : Mapped "{[/tasks],methods=[GET]}" onto public java.util.List<com.csye6225.demo.pojo.Task> com.csye6225.demo.controllers.TaskController.allTask()
2017-10-20 17:31:02.277  INFO 11448 --- [main] s.w.s.m.m.a.RequestMappingHandlerMapping : Mapped "{[/tasks],methods=[POST]}" onto public com.csye6225.demo.pojo.Task com.csye6225.demo.controllers.TaskController.addTask(com.csye6225.demo.pojo.Task,javax.servlet.http.HttpServletResponse)
2017-10-20 17:31:02.278  INFO 11448 --- [main] s.w.s.m.m.a.RequestMappingHandlerMapping : Mapped "{[/tasks/{id}],methods=[PUT]}" onto public com.csye6225.demo.pojo.Task com.csye6225.demo.controllers.TaskController.updateTask(com.csye6225.demo.pojo.Task,java.lang.String,javax.servlet.http.HttpServletResponse)
2017-10-20 17:31:02.279  INFO 11448 --- [main] s.w.s.m.m.a.RequestMappingHandlerMapping : Mapped "{[/tasks/{id}],methods=[DELETE]}" onto public void com.csye6225.demo.controllers.TaskController.deleteTask(java.lang.String,javax.servlet.http.HttpServletResponse)
2017-10-20 17:31:02.279  INFO 11448 --- [main] s.w.s.m.m.a.RequestMappingHandlerMapping : Mapped "{[/tasks/{id}],methods=[GET]}" onto public com.csye6225.demo.pojo.Task com.csye6225.demo.controllers.TaskController.detailTask(java.lang.String,javax.servlet.http.HttpServletResponse) throws java.lang.Exception
2017-10-20 17:31:02.290  INFO 11448 --- [main] s.w.s.m.m.a.RequestMappingHandlerMapping : Mapped "{[/user/login],methods=[POST]}" onto public java.lang.String com.csye6225.demo.controllers.UserController.login(com.csye6225.demo.pojo.User)
2017-10-20 17:31:02.291  INFO 11448 --- [main] s.w.s.m.m.a.RequestMappingHandlerMapping : Mapped "{[/user/{id}],methods=[GET]}" onto public com.csye6225.demo.pojo.User com.csye6225.demo.controllers.UserController.getAccount(java.lang.Long)
2017-10-20 17:31:02.291  INFO 11448 --- [main] s.w.s.m.m.a.RequestMappingHandlerMapping : Mapped "{[/user/all],methods=[GET]}" onto public java.lang.Iterable<com.csye6225.demo.pojo.User> com.csye6225.demo.controllers.UserController.getAllAccount()
2017-10-20 17:31:02.292  INFO 11448 --- [main] s.w.s.m.m.a.RequestMappingHandlerMapping : Mapped "{[/user/register],methods=[POST]}" onto public java.lang.String com.csye6225.demo.controllers.UserController.register(com.csye6225.demo.pojo.User)
2017-10-20 17:31:02.295  INFO 11448 --- [main] s.w.s.m.m.a.RequestMappingHandlerMapping : Mapped "{[/error],produces=[text/html]}" onto public org.springframework.web.servlet.ModelAndView org.springframework.boot.autoconfigure.web.BasicErrorController.errorHtml(javax.servlet.http.HttpServletRequest,javax.servlet.http.HttpServletResponse)
2017-10-20 17:31:02.298  INFO 11448 --- [main] s.w.s.m.m.a.RequestMappingHandlerMapping : Mapped "{[/error]}" onto public org.springframework.http.ResponseEntity<java.util.Map<java.lang.String, java.lang.Object>> org.springframework.boot.autoconfigure.web.BasicErrorController.error(javax.servlet.http.HttpServletRequest)
2017-10-20 17:31:02.523  INFO 11448 --- [main] o.s.w.s.handler.SimpleUrlHandlerMapping  : Mapped URL path [/webjars/**] onto handler of type [class org.springframework.web.servlet.resource.ResourceHttpRequestHandler]
2017-10-20 17:31:02.529  INFO 11448 --- [main] o.s.w.s.handler.SimpleUrlHandlerMapping  : Mapped URL path [/**] onto handler of type [class org.springframework.web.servlet.resource.ResourceHttpRequestHandler]
2017-10-20 17:31:02.530  INFO 11448 --- [main] o.s.w.s.handler.SimpleUrlHandlerMapping  : Mapped URL path [/docs/**] onto handler of type [class org.springframework.web.servlet.resource.ResourceHttpRequestHandler]
2017-10-20 17:31:02.642  INFO 11448 --- [main] o.s.w.s.handler.SimpleUrlHandlerMapping  : Mapped URL path [/**/favicon.ico] onto handler of type [class org.springframework.web.servlet.resource.ResourceHttpRequestHandler]
2017-10-20 17:31:03.978  INFO 11448 --- [main] o.s.b.a.e.mvc.EndpointHandlerMapping     : Mapped "{[/dump || /dump.json],methods=[GET],produces=[application/vnd.spring-boot.actuator.v1+json || application/json]}" onto public java.lang.Object org.springframework.boot.actuate.endpoint.mvc.EndpointMvcAdapter.invoke()
2017-10-20 17:31:03.983  INFO 11448 --- [main] o.s.b.a.e.mvc.EndpointHandlerMapping     : Mapped "{[/actuator || /actuator.json],methods=[GET],produces=[application/vnd.spring-boot.actuator.v1+json || application/json]}" onto public org.springframework.hateoas.ResourceSupport org.springframework.boot.actuate.endpoint.mvc.HalJsonMvcEndpoint.links()
2017-10-20 17:31:03.983  INFO 11448 --- [main] o.s.b.a.e.mvc.EndpointHandlerMapping     : Mapped "{[/info || /info.json],methods=[GET],produces=[application/vnd.spring-boot.actuator.v1+json || application/json]}" onto public java.lang.Object org.springframework.boot.actuate.endpoint.mvc.EndpointMvcAdapter.invoke()
2017-10-20 17:31:03.990  INFO 11448 --- [main] o.s.b.a.e.mvc.EndpointHandlerMapping     : Mapped "{[/autoconfig || /autoconfig.json],methods=[GET],produces=[application/vnd.spring-boot.actuator.v1+json || application/json]}" onto public java.lang.Object org.springframework.boot.actuate.endpoint.mvc.EndpointMvcAdapter.invoke()
2017-10-20 17:31:03.993  INFO 11448 --- [main] o.s.b.a.e.mvc.EndpointHandlerMapping     : Mapped "{[/beans || /beans.json],methods=[GET],produces=[application/vnd.spring-boot.actuator.v1+json || application/json]}" onto public java.lang.Object org.springframework.boot.actuate.endpoint.mvc.EndpointMvcAdapter.invoke()
2017-10-20 17:31:03.994  INFO 11448 --- [main] o.s.b.a.e.mvc.EndpointHandlerMapping     : Mapped "{[/logfile || /logfile.json],methods=[GET || HEAD]}" onto public void org.springframework.boot.actuate.endpoint.mvc.LogFileMvcEndpoint.invoke(javax.servlet.http.HttpServletRequest,javax.servlet.http.HttpServletResponse) throws javax.servlet.ServletException,java.io.IOException
2017-10-20 17:31:03.999  INFO 11448 --- [main] o.s.b.a.e.mvc.EndpointHandlerMapping     : Mapped "{[/configprops || /configprops.json],methods=[GET],produces=[application/vnd.spring-boot.actuator.v1+json || application/json]}" onto public java.lang.Object org.springframework.boot.actuate.endpoint.mvc.EndpointMvcAdapter.invoke()
2017-10-20 17:31:04.000  INFO 11448 --- [main] o.s.b.a.e.mvc.EndpointHandlerMapping     : Mapped "{[/metrics/{name:.*}],methods=[GET],produces=[application/vnd.spring-boot.actuator.v1+json || application/json]}" onto public java.lang.Object org.springframework.boot.actuate.endpoint.mvc.MetricsMvcEndpoint.value(java.lang.String)
2017-10-20 17:31:04.001  INFO 11448 --- [main] o.s.b.a.e.mvc.EndpointHandlerMapping     : Mapped "{[/metrics || /metrics.json],methods=[GET],produces=[application/vnd.spring-boot.actuator.v1+json || application/json]}" onto public java.lang.Object org.springframework.boot.actuate.endpoint.mvc.EndpointMvcAdapter.invoke()
2017-10-20 17:31:04.005  INFO 11448 --- [main] o.s.b.a.e.mvc.EndpointHandlerMapping     : Mapped "{[/docs],produces=[text/html]}" onto public java.lang.String org.springframework.boot.actuate.endpoint.mvc.DocsMvcEndpoint.redirect()
2017-10-20 17:31:04.005  INFO 11448 --- [main] o.s.b.a.e.mvc.EndpointHandlerMapping     : Mapped "{[/docs/],produces=[text/html]}" onto public java.lang.String org.springframework.boot.actuate.endpoint.mvc.DocsMvcEndpoint.browse()
2017-10-20 17:31:04.025  INFO 11448 --- [main] o.s.b.a.e.mvc.EndpointHandlerMapping     : Mapped "{[/heapdump || /heapdump.json],methods=[GET],produces=[application/octet-stream]}" onto public void org.springframework.boot.actuate.endpoint.mvc.HeapdumpMvcEndpoint.invoke(boolean,javax.servlet.http.HttpServletRequest,javax.servlet.http.HttpServletResponse) throws java.io.IOException,javax.servlet.ServletException
2017-10-20 17:31:04.031  INFO 11448 --- [main] o.s.b.a.e.mvc.EndpointHandlerMapping     : Mapped "{[/auditevents || /auditevents.json],methods=[GET],produces=[application/vnd.spring-boot.actuator.v1+json || application/json]}" onto public org.springframework.http.ResponseEntity<?> org.springframework.boot.actuate.endpoint.mvc.AuditEventsMvcEndpoint.findByPrincipalAndAfterAndType(java.lang.String,java.util.Date,java.lang.String)
2017-10-20 17:31:04.053  INFO 11448 --- [main] o.s.b.a.e.mvc.EndpointHandlerMapping     : Mapped "{[/mappings || /mappings.json],methods=[GET],produces=[application/vnd.spring-boot.actuator.v1+json || application/json]}" onto public java.lang.Object org.springframework.boot.actuate.endpoint.mvc.EndpointMvcAdapter.invoke()
2017-10-20 17:31:04.059  INFO 11448 --- [main] o.s.b.a.e.mvc.EndpointHandlerMapping     : Mapped "{[/trace || /trace.json],methods=[GET],produces=[application/vnd.spring-boot.actuator.v1+json || application/json]}" onto public java.lang.Object org.springframework.boot.actuate.endpoint.mvc.EndpointMvcAdapter.invoke()
2017-10-20 17:31:04.067  INFO 11448 --- [main] o.s.b.a.e.mvc.EndpointHandlerMapping     : Mapped "{[/loggers/{name:.*}],methods=[GET],produces=[application/vnd.spring-boot.actuator.v1+json || application/json]}" onto public java.lang.Object org.springframework.boot.actuate.endpoint.mvc.LoggersMvcEndpoint.get(java.lang.String)
2017-10-20 17:31:04.068  INFO 11448 --- [main] o.s.b.a.e.mvc.EndpointHandlerMapping     : Mapped "{[/loggers/{name:.*}],methods=[POST],consumes=[application/vnd.spring-boot.actuator.v1+json || application/json],produces=[application/vnd.spring-boot.actuator.v1+json || application/json]}" onto public java.lang.Object org.springframework.boot.actuate.endpoint.mvc.LoggersMvcEndpoint.set(java.lang.String,java.util.Map<java.lang.String, java.lang.String>)
2017-10-20 17:31:04.071  INFO 11448 --- [main] o.s.b.a.e.mvc.EndpointHandlerMapping     : Mapped "{[/loggers || /loggers.json],methods=[GET],produces=[application/vnd.spring-boot.actuator.v1+json || application/json]}" onto public java.lang.Object org.springframework.boot.actuate.endpoint.mvc.EndpointMvcAdapter.invoke()
2017-10-20 17:31:04.072  INFO 11448 --- [main] o.s.b.a.e.mvc.EndpointHandlerMapping     : Mapped "{[/health || /health.json],methods=[GET],produces=[application/vnd.spring-boot.actuator.v1+json || application/json]}" onto public java.lang.Object org.springframework.boot.actuate.endpoint.mvc.HealthMvcEndpoint.invoke(javax.servlet.http.HttpServletRequest,java.security.Principal)
2017-10-20 17:31:04.073  INFO 11448 --- [main] o.s.b.a.e.mvc.EndpointHandlerMapping     : Mapped "{[/env/{name:.*}],methods=[GET],produces=[application/vnd.spring-boot.actuator.v1+json || application/json]}" onto public java.lang.Object org.springframework.boot.actuate.endpoint.mvc.EnvironmentMvcEndpoint.value(java.lang.String)
2017-10-20 17:31:04.073  INFO 11448 --- [main] o.s.b.a.e.mvc.EndpointHandlerMapping     : Mapped "{[/env || /env.json],methods=[GET],produces=[application/vnd.spring-boot.actuator.v1+json || application/json]}" onto public java.lang.Object org.springframework.boot.actuate.endpoint.mvc.EndpointMvcAdapter.invoke()
2017-10-20 17:31:05.430  INFO 11448 --- [main] s.w.s.m.m.a.RequestMappingHandlerAdapter : Looking for @ControllerAdvice: org.springframework.web.context.support.GenericWebApplicationContext@563f38c4: startup date [Fri Oct 20 17:30:34 EDT 2017]; root of context hierarchy
2017-10-20 17:31:05.480  INFO 11448 --- [main] s.w.s.m.m.a.RequestMappingHandlerAdapter : Detected ResponseBodyAdvice bean in org.springframework.boot.actuate.autoconfigure.EndpointWebMvcHypermediaManagementContextConfiguration$ActuatorEndpointLinksAdvice
2017-10-20 17:31:05.774  INFO 11448 --- [main] .m.m.a.ExceptionHandlerExceptionResolver : Detected ResponseBodyAdvice implementation in org.springframework.boot.actuate.autoconfigure.EndpointWebMvcHypermediaManagementContextConfiguration$ActuatorEndpointLinksAdvice
2017-10-20 17:31:06.056  INFO 11448 --- [main] o.s.t.web.servlet.TestDispatcherServlet  : FrameworkServlet '': initialization completed in 4342 ms
2017-10-20 17:31:07.562  INFO 11448 --- [main] o.s.jdbc.datasource.init.ScriptUtils     : Executing SQL script from class path resource [org/springframework/session/jdbc/schema-mysql.sql]
2017-10-20 17:31:07.630  INFO 11448 --- [main] o.s.jdbc.datasource.init.ScriptUtils     : Executed SQL script from class path resource [org/springframework/session/jdbc/schema-mysql.sql] in 66 ms.
2017-10-20 17:31:08.158  INFO 11448 --- [main] s.a.ScheduledAnnotationBeanPostProcessor : No TaskScheduler/ScheduledExecutorService bean found for scheduled processing
2017-10-20 17:31:08.207  INFO 11448 --- [main] com.csye6225.demo.DemoApplicationTests   : Started DemoApplicationTests in 39.02 seconds (JVM running for 43.899)
2017-10-20 17:31:08.479  INFO 11448 --- [Thread-5] o.s.w.c.s.GenericWebApplicationContext   : Closing org.springframework.web.context.support.GenericWebApplicationContext@563f38c4: startup date [Fri Oct 20 17:30:34 EDT 2017]; root of context hierarchy
2017-10-20 17:31:08.533  INFO 11448 --- [Thread-5] j.LocalContainerEntityManagerFactoryBean : Closing JPA EntityManagerFactory for persistence unit 'default'
2017-10-20 17:31:35.894  INFO 11509 --- [main] com.csye6225.demo.DemoApplicationTests   : Starting DemoApplicationTests on rebe-VirtualBox with PID 11509 (started by rebe in /home/rebe/csye6225-fall2017)
2017-10-20 17:31:35.897  INFO 11509 --- [main] com.csye6225.demo.DemoApplicationTests   : No active profile set, falling back to default profiles: default
2017-10-20 17:31:37.411  INFO 11509 --- [main] o.s.w.c.s.GenericWebApplicationContext   : Refreshing org.springframework.web.context.support.GenericWebApplicationContext@8f2ef19: startup date [Fri Oct 20 17:31:37 EDT 2017]; root of context hierarchy
2017-10-20 17:31:43.473  INFO 11509 --- [main] o.s.b.f.s.DefaultListableBeanFactory     : Overriding bean definition for bean 'managementServletContext' with a different definition: replacing [Root bean: class [null]; scope=; abstract=false; lazyInit=false; autowireMode=3; dependencyCheck=0; autowireCandidate=true; primary=false; factoryBeanName=org.springframework.boot.actuate.autoconfigure.EndpointWebMvcHypermediaManagementContextConfiguration; factoryMethodName=managementServletContext; initMethodName=null; destroyMethodName=(inferred); defined in class path resource [org/springframework/boot/actuate/autoconfigure/EndpointWebMvcHypermediaManagementContextConfiguration.class]] with [Root bean: class [null]; scope=; abstract=false; lazyInit=false; autowireMode=3; dependencyCheck=0; autowireCandidate=true; primary=false; factoryBeanName=org.springframework.boot.actuate.autoconfigure.EndpointWebMvcAutoConfiguration; factoryMethodName=managementServletContext; initMethodName=null; destroyMethodName=(inferred); defined in class path resource [org/springframework/boot/actuate/autoconfigure/EndpointWebMvcAutoConfiguration.class]]
2017-10-20 17:31:43.935  INFO 11509 --- [main] o.s.b.f.s.DefaultListableBeanFactory     : Overriding bean definition for bean 'propertySourcesPlaceholderConfigurer' with a different definition: replacing [Root bean: class [org.springframework.boot.autoconfigure.context.PropertyPlaceholderAutoConfiguration]; scope=; abstract=false; lazyInit=false; autowireMode=3; dependencyCheck=0; autowireCandidate=true; primary=false; factoryBeanName=null; factoryMethodName=propertySourcesPlaceholderConfigurer; initMethodName=null; destroyMethodName=(inferred); defined in class path resource [org/springframework/boot/autoconfigure/context/PropertyPlaceholderAutoConfiguration.class]] with [Root bean: class [org.springframework.boot.autoconfigure.session.JdbcSessionConfiguration$SpringBootJdbcHttpSessionConfiguration]; scope=; abstract=false; lazyInit=false; autowireMode=3; dependencyCheck=0; autowireCandidate=true; primary=false; factoryBeanName=null; factoryMethodName=propertySourcesPlaceholderConfigurer; initMethodName=null; destroyMethodName=(inferred); defined in class path resource [org/springframework/boot/autoconfigure/session/JdbcSessionConfiguration$SpringBootJdbcHttpSessionConfiguration.class]]
2017-10-20 17:31:49.789  INFO 11509 --- [main] j.LocalContainerEntityManagerFactoryBean : Building JPA container EntityManagerFactory for persistence unit 'default'
2017-10-20 17:31:49.835  INFO 11509 --- [main] o.hibernate.jpa.internal.util.LogHelper  : HHH000204: Processing PersistenceUnitInfo [
	name: default
	...]
2017-10-20 17:31:50.266  INFO 11509 --- [main] org.hibernate.Version                    : HHH000412: Hibernate Core {5.0.12.Final}
2017-10-20 17:31:50.269  INFO 11509 --- [main] org.hibernate.cfg.Environment            : HHH000206: hibernate.properties not found
2017-10-20 17:31:50.271  INFO 11509 --- [main] org.hibernate.cfg.Environment            : HHH000021: Bytecode provider name : javassist
2017-10-20 17:31:50.510  INFO 11509 --- [main] o.hibernate.annotations.common.Version   : HCANN000001: Hibernate Commons Annotations {5.0.1.Final}
2017-10-20 17:31:51.360  INFO 11509 --- [main] org.hibernate.dialect.Dialect            : HHH000400: Using dialect: org.hibernate.dialect.MySQL5Dialect
2017-10-20 17:31:52.531  WARN 11509 --- [main] org.hibernate.id.UUIDHexGenerator        : HHH000409: Using org.hibernate.id.UUIDHexGenerator which does not generate IETF RFC 4122 compliant UUID values; consider using org.hibernate.id.UUIDGenerator instead
2017-10-20 17:31:53.948  INFO 11509 --- [main] org.hibernate.tool.hbm2ddl.SchemaUpdate  : HHH000228: Running hbm2ddl schema update
2017-10-20 17:31:54.400  INFO 11509 --- [main] j.LocalContainerEntityManagerFactoryBean : Initialized JPA EntityManagerFactory for persistence unit 'default'
2017-10-20 17:31:57.766  INFO 11509 --- [main] o.h.h.i.QueryTranslatorFactoryInitiator  : HHH000397: Using ASTQueryTranslatorFactory
2017-10-20 17:31:59.477  INFO 11509 --- [main] o.s.s.web.DefaultSecurityFilterChain     : Creating filter chain: org.springframework.security.web.util.matcher.AnyRequestMatcher@1, [org.springframework.security.web.context.request.async.WebAsyncManagerIntegrationFilter@60ae7cf2, org.springframework.security.web.context.SecurityContextPersistenceFilter@7d90644f, org.springframework.security.web.header.HeaderWriterFilter@58636b50, org.springframework.security.web.authentication.logout.LogoutFilter@35e689a0, org.springframework.security.web.authentication.www.BasicAuthenticationFilter@16e907b6, org.springframework.security.web.savedrequest.RequestCacheAwareFilter@59f3426f, org.springframework.security.web.servletapi.SecurityContextHolderAwareRequestFilter@2c668c2a, org.springframework.security.web.authentication.AnonymousAuthenticationFilter@225e09f0, org.springframework.security.web.session.SessionManagementFilter@72001c71, org.springframework.security.web.access.ExceptionTranslationFilter@3cbfdf5c, org.springframework.security.web.access.intercept.FilterSecurityInterceptor@e49437]
2017-10-20 17:32:01.290  INFO 11509 --- [main] o.s.b.t.m.w.SpringBootMockServletContext : Initializing Spring FrameworkServlet ''
2017-10-20 17:32:01.291  INFO 11509 --- [main] o.s.t.web.servlet.TestDispatcherServlet  : FrameworkServlet '': initialization started
2017-10-20 17:32:01.798  INFO 11509 --- [main] s.w.s.m.m.a.RequestMappingHandlerMapping : Mapped "{[/tasks/{id}/attachments],methods=[POST]}" onto public com.csye6225.demo.pojo.Attachment com.csye6225.demo.controllers.AttachmentController.addFile(com.csye6225.demo.pojo.Attachment,java.lang.String,javax.servlet.http.HttpServletResponse) throws java.lang.Exception
2017-10-20 17:32:01.800  INFO 11509 --- [main] s.w.s.m.m.a.RequestMappingHandlerMapping : Mapped "{[/tasks/{id}/attachments],methods=[GET]}" onto public java.util.Set<com.csye6225.demo.pojo.Attachment> com.csye6225.demo.controllers.AttachmentController.detailFile(java.lang.String,javax.servlet.http.HttpServletResponse) throws java.lang.Exception
2017-10-20 17:32:01.801  INFO 11509 --- [main] s.w.s.m.m.a.RequestMappingHandlerMapping : Mapped "{[/tasks/{id}/attachments/{idAttachments}],methods=[DELETE]}" onto public void com.csye6225.demo.controllers.AttachmentController.deleteFile(java.lang.String,java.lang.String,javax.servlet.http.HttpServletResponse) throws java.lang.Exception
2017-10-20 17:32:01.802  INFO 11509 --- [main] s.w.s.m.m.a.RequestMappingHandlerMapping : Mapped "{[/],methods=[GET],produces=[application/json]}" onto public java.lang.String com.csye6225.demo.controllers.HomeController.welcome()
2017-10-20 17:32:01.809  INFO 11509 --- [main] s.w.s.m.m.a.RequestMappingHandlerMapping : Mapped "{[/tasks/{id}],methods=[GET]}" onto public com.csye6225.demo.pojo.Task com.csye6225.demo.controllers.TaskController.detailTask(java.lang.String,javax.servlet.http.HttpServletResponse) throws java.lang.Exception
2017-10-20 17:32:01.811  INFO 11509 --- [main] s.w.s.m.m.a.RequestMappingHandlerMapping : Mapped "{[/tasks],methods=[GET]}" onto public java.util.List<com.csye6225.demo.pojo.Task> com.csye6225.demo.controllers.TaskController.allTask()
2017-10-20 17:32:01.811  INFO 11509 --- [main] s.w.s.m.m.a.RequestMappingHandlerMapping : Mapped "{[/tasks],methods=[POST]}" onto public com.csye6225.demo.pojo.Task com.csye6225.demo.controllers.TaskController.addTask(com.csye6225.demo.pojo.Task,javax.servlet.http.HttpServletResponse)
2017-10-20 17:32:01.811  INFO 11509 --- [main] s.w.s.m.m.a.RequestMappingHandlerMapping : Mapped "{[/tasks/{id}],methods=[PUT]}" onto public com.csye6225.demo.pojo.Task com.csye6225.demo.controllers.TaskController.updateTask(com.csye6225.demo.pojo.Task,java.lang.String,javax.servlet.http.HttpServletResponse)
2017-10-20 17:32:01.812  INFO 11509 --- [main] s.w.s.m.m.a.RequestMappingHandlerMapping : Mapped "{[/tasks/{id}],methods=[DELETE]}" onto public void com.csye6225.demo.controllers.TaskController.deleteTask(java.lang.String,javax.servlet.http.HttpServletResponse)
2017-10-20 17:32:01.820  INFO 11509 --- [main] s.w.s.m.m.a.RequestMappingHandlerMapping : Mapped "{[/user/login],methods=[POST]}" onto public java.lang.String com.csye6225.demo.controllers.UserController.login(com.csye6225.demo.pojo.User)
2017-10-20 17:32:01.821  INFO 11509 --- [main] s.w.s.m.m.a.RequestMappingHandlerMapping : Mapped "{[/user/{id}],methods=[GET]}" onto public com.csye6225.demo.pojo.User com.csye6225.demo.controllers.UserController.getAccount(java.lang.Long)
2017-10-20 17:32:01.821  INFO 11509 --- [main] s.w.s.m.m.a.RequestMappingHandlerMapping : Mapped "{[/user/all],methods=[GET]}" onto public java.lang.Iterable<com.csye6225.demo.pojo.User> com.csye6225.demo.controllers.UserController.getAllAccount()
2017-10-20 17:32:01.825  INFO 11509 --- [main] s.w.s.m.m.a.RequestMappingHandlerMapping : Mapped "{[/user/register],methods=[POST]}" onto public java.lang.String com.csye6225.demo.controllers.UserController.register(com.csye6225.demo.pojo.User)
2017-10-20 17:32:01.861  INFO 11509 --- [main] s.w.s.m.m.a.RequestMappingHandlerMapping : Mapped "{[/error],produces=[text/html]}" onto public org.springframework.web.servlet.ModelAndView org.springframework.boot.autoconfigure.web.BasicErrorController.errorHtml(javax.servlet.http.HttpServletRequest,javax.servlet.http.HttpServletResponse)
2017-10-20 17:32:01.862  INFO 11509 --- [main] s.w.s.m.m.a.RequestMappingHandlerMapping : Mapped "{[/error]}" onto public org.springframework.http.ResponseEntity<java.util.Map<java.lang.String, java.lang.Object>> org.springframework.boot.autoconfigure.web.BasicErrorController.error(javax.servlet.http.HttpServletRequest)
2017-10-20 17:32:02.047  INFO 11509 --- [main] o.s.w.s.handler.SimpleUrlHandlerMapping  : Mapped URL path [/webjars/**] onto handler of type [class org.springframework.web.servlet.resource.ResourceHttpRequestHandler]
2017-10-20 17:32:02.059  INFO 11509 --- [main] o.s.w.s.handler.SimpleUrlHandlerMapping  : Mapped URL path [/**] onto handler of type [class org.springframework.web.servlet.resource.ResourceHttpRequestHandler]
2017-10-20 17:32:02.063  INFO 11509 --- [main] o.s.w.s.handler.SimpleUrlHandlerMapping  : Mapped URL path [/docs/**] onto handler of type [class org.springframework.web.servlet.resource.ResourceHttpRequestHandler]
2017-10-20 17:32:02.144  INFO 11509 --- [main] o.s.w.s.handler.SimpleUrlHandlerMapping  : Mapped URL path [/**/favicon.ico] onto handler of type [class org.springframework.web.servlet.resource.ResourceHttpRequestHandler]
2017-10-20 17:32:03.354  INFO 11509 --- [main] o.s.b.a.e.mvc.EndpointHandlerMapping     : Mapped "{[/health || /health.json],methods=[GET],produces=[application/vnd.spring-boot.actuator.v1+json || application/json]}" onto public java.lang.Object org.springframework.boot.actuate.endpoint.mvc.HealthMvcEndpoint.invoke(javax.servlet.http.HttpServletRequest,java.security.Principal)
2017-10-20 17:32:03.365  INFO 11509 --- [main] o.s.b.a.e.mvc.EndpointHandlerMapping     : Mapped "{[/trace || /trace.json],methods=[GET],produces=[application/vnd.spring-boot.actuator.v1+json || application/json]}" onto public java.lang.Object org.springframework.boot.actuate.endpoint.mvc.EndpointMvcAdapter.invoke()
2017-10-20 17:32:03.366  INFO 11509 --- [main] o.s.b.a.e.mvc.EndpointHandlerMapping     : Mapped "{[/metrics/{name:.*}],methods=[GET],produces=[application/vnd.spring-boot.actuator.v1+json || application/json]}" onto public java.lang.Object org.springframework.boot.actuate.endpoint.mvc.MetricsMvcEndpoint.value(java.lang.String)
2017-10-20 17:32:03.367  INFO 11509 --- [main] o.s.b.a.e.mvc.EndpointHandlerMapping     : Mapped "{[/metrics || /metrics.json],methods=[GET],produces=[application/vnd.spring-boot.actuator.v1+json || application/json]}" onto public java.lang.Object org.springframework.boot.actuate.endpoint.mvc.EndpointMvcAdapter.invoke()
2017-10-20 17:32:03.380  INFO 11509 --- [main] o.s.b.a.e.mvc.EndpointHandlerMapping     : Mapped "{[/mappings || /mappings.json],methods=[GET],produces=[application/vnd.spring-boot.actuator.v1+json || application/json]}" onto public java.lang.Object org.springframework.boot.actuate.endpoint.mvc.EndpointMvcAdapter.invoke()
2017-10-20 17:32:03.381  INFO 11509 --- [main] o.s.b.a.e.mvc.EndpointHandlerMapping     : Mapped "{[/actuator || /actuator.json],methods=[GET],produces=[application/vnd.spring-boot.actuator.v1+json || application/json]}" onto public org.springframework.hateoas.ResourceSupport org.springframework.boot.actuate.endpoint.mvc.HalJsonMvcEndpoint.links()
2017-10-20 17:32:03.383  INFO 11509 --- [main] o.s.b.a.e.mvc.EndpointHandlerMapping     : Mapped "{[/heapdump || /heapdump.json],methods=[GET],produces=[application/octet-stream]}" onto public void org.springframework.boot.actuate.endpoint.mvc.HeapdumpMvcEndpoint.invoke(boolean,javax.servlet.http.HttpServletRequest,javax.servlet.http.HttpServletResponse) throws java.io.IOException,javax.servlet.ServletException
2017-10-20 17:32:03.387  INFO 11509 --- [main] o.s.b.a.e.mvc.EndpointHandlerMapping     : Mapped "{[/docs],produces=[text/html]}" onto public java.lang.String org.springframework.boot.actuate.endpoint.mvc.DocsMvcEndpoint.redirect()
2017-10-20 17:32:03.389  INFO 11509 --- [main] o.s.b.a.e.mvc.EndpointHandlerMapping     : Mapped "{[/docs/],produces=[text/html]}" onto public java.lang.String org.springframework.boot.actuate.endpoint.mvc.DocsMvcEndpoint.browse()
2017-10-20 17:32:03.399  INFO 11509 --- [main] o.s.b.a.e.mvc.EndpointHandlerMapping     : Mapped "{[/configprops || /configprops.json],methods=[GET],produces=[application/vnd.spring-boot.actuator.v1+json || application/json]}" onto public java.lang.Object org.springframework.boot.actuate.endpoint.mvc.EndpointMvcAdapter.invoke()
2017-10-20 17:32:03.404  INFO 11509 --- [main] o.s.b.a.e.mvc.EndpointHandlerMapping     : Mapped "{[/auditevents || /auditevents.json],methods=[GET],produces=[application/vnd.spring-boot.actuator.v1+json || application/json]}" onto public org.springframework.http.ResponseEntity<?> org.springframework.boot.actuate.endpoint.mvc.AuditEventsMvcEndpoint.findByPrincipalAndAfterAndType(java.lang.String,java.util.Date,java.lang.String)
2017-10-20 17:32:03.412  INFO 11509 --- [main] o.s.b.a.e.mvc.EndpointHandlerMapping     : Mapped "{[/env/{name:.*}],methods=[GET],produces=[application/vnd.spring-boot.actuator.v1+json || application/json]}" onto public java.lang.Object org.springframework.boot.actuate.endpoint.mvc.EnvironmentMvcEndpoint.value(java.lang.String)
2017-10-20 17:32:03.413  INFO 11509 --- [main] o.s.b.a.e.mvc.EndpointHandlerMapping     : Mapped "{[/env || /env.json],methods=[GET],produces=[application/vnd.spring-boot.actuator.v1+json || application/json]}" onto public java.lang.Object org.springframework.boot.actuate.endpoint.mvc.EndpointMvcAdapter.invoke()
2017-10-20 17:32:03.416  INFO 11509 --- [main] o.s.b.a.e.mvc.EndpointHandlerMapping     : Mapped "{[/dump || /dump.json],methods=[GET],produces=[application/vnd.spring-boot.actuator.v1+json || application/json]}" onto public java.lang.Object org.springframework.boot.actuate.endpoint.mvc.EndpointMvcAdapter.invoke()
2017-10-20 17:32:03.417  INFO 11509 --- [main] o.s.b.a.e.mvc.EndpointHandlerMapping     : Mapped "{[/beans || /beans.json],methods=[GET],produces=[application/vnd.spring-boot.actuator.v1+json || application/json]}" onto public java.lang.Object org.springframework.boot.actuate.endpoint.mvc.EndpointMvcAdapter.invoke()
2017-10-20 17:32:03.419  INFO 11509 --- [main] o.s.b.a.e.mvc.EndpointHandlerMapping     : Mapped "{[/autoconfig || /autoconfig.json],methods=[GET],produces=[application/vnd.spring-boot.actuator.v1+json || application/json]}" onto public java.lang.Object org.springframework.boot.actuate.endpoint.mvc.EndpointMvcAdapter.invoke()
2017-10-20 17:32:03.426  INFO 11509 --- [main] o.s.b.a.e.mvc.EndpointHandlerMapping     : Mapped "{[/logfile || /logfile.json],methods=[GET || HEAD]}" onto public void org.springframework.boot.actuate.endpoint.mvc.LogFileMvcEndpoint.invoke(javax.servlet.http.HttpServletRequest,javax.servlet.http.HttpServletResponse) throws javax.servlet.ServletException,java.io.IOException
2017-10-20 17:32:03.429  INFO 11509 --- [main] o.s.b.a.e.mvc.EndpointHandlerMapping     : Mapped "{[/loggers/{name:.*}],methods=[GET],produces=[application/vnd.spring-boot.actuator.v1+json || application/json]}" onto public java.lang.Object org.springframework.boot.actuate.endpoint.mvc.LoggersMvcEndpoint.get(java.lang.String)
2017-10-20 17:32:03.429  INFO 11509 --- [main] o.s.b.a.e.mvc.EndpointHandlerMapping     : Mapped "{[/loggers/{name:.*}],methods=[POST],consumes=[application/vnd.spring-boot.actuator.v1+json || application/json],produces=[application/vnd.spring-boot.actuator.v1+json || application/json]}" onto public java.lang.Object org.springframework.boot.actuate.endpoint.mvc.LoggersMvcEndpoint.set(java.lang.String,java.util.Map<java.lang.String, java.lang.String>)
2017-10-20 17:32:03.440  INFO 11509 --- [main] o.s.b.a.e.mvc.EndpointHandlerMapping     : Mapped "{[/loggers || /loggers.json],methods=[GET],produces=[application/vnd.spring-boot.actuator.v1+json || application/json]}" onto public java.lang.Object org.springframework.boot.actuate.endpoint.mvc.EndpointMvcAdapter.invoke()
2017-10-20 17:32:03.441  INFO 11509 --- [main] o.s.b.a.e.mvc.EndpointHandlerMapping     : Mapped "{[/info || /info.json],methods=[GET],produces=[application/vnd.spring-boot.actuator.v1+json || application/json]}" onto public java.lang.Object org.springframework.boot.actuate.endpoint.mvc.EndpointMvcAdapter.invoke()
2017-10-20 17:32:04.531  INFO 11509 --- [main] s.w.s.m.m.a.RequestMappingHandlerAdapter : Looking for @ControllerAdvice: org.springframework.web.context.support.GenericWebApplicationContext@8f2ef19: startup date [Fri Oct 20 17:31:37 EDT 2017]; root of context hierarchy
2017-10-20 17:32:04.557  INFO 11509 --- [main] s.w.s.m.m.a.RequestMappingHandlerAdapter : Detected ResponseBodyAdvice bean in org.springframework.boot.actuate.autoconfigure.EndpointWebMvcHypermediaManagementContextConfiguration$ActuatorEndpointLinksAdvice
2017-10-20 17:32:04.835  INFO 11509 --- [main] .m.m.a.ExceptionHandlerExceptionResolver : Detected ResponseBodyAdvice implementation in org.springframework.boot.actuate.autoconfigure.EndpointWebMvcHypermediaManagementContextConfiguration$ActuatorEndpointLinksAdvice
2017-10-20 17:32:05.114  INFO 11509 --- [main] o.s.t.web.servlet.TestDispatcherServlet  : FrameworkServlet '': initialization completed in 3820 ms
2017-10-20 17:32:06.412  INFO 11509 --- [main] o.s.jdbc.datasource.init.ScriptUtils     : Executing SQL script from class path resource [org/springframework/session/jdbc/schema-mysql.sql]
2017-10-20 17:32:06.477  INFO 11509 --- [main] o.s.jdbc.datasource.init.ScriptUtils     : Executed SQL script from class path resource [org/springframework/session/jdbc/schema-mysql.sql] in 57 ms.
2017-10-20 17:32:07.026  INFO 11509 --- [main] s.a.ScheduledAnnotationBeanPostProcessor : No TaskScheduler/ScheduledExecutorService bean found for scheduled processing
2017-10-20 17:32:07.083  INFO 11509 --- [main] com.csye6225.demo.DemoApplicationTests   : Started DemoApplicationTests in 34.14 seconds (JVM running for 38.556)
2017-10-20 17:32:07.400  INFO 11509 --- [Thread-5] o.s.w.c.s.GenericWebApplicationContext   : Closing org.springframework.web.context.support.GenericWebApplicationContext@8f2ef19: startup date [Fri Oct 20 17:31:37 EDT 2017]; root of context hierarchy
2017-10-20 17:32:07.430  INFO 11509 --- [Thread-5] j.LocalContainerEntityManagerFactoryBean : Closing JPA EntityManagerFactory for persistence unit 'default'
2017-10-20 17:32:51.881  INFO 11568 --- [main] com.csye6225.demo.DemoApplicationTests   : Starting DemoApplicationTests on rebe-VirtualBox with PID 11568 (started by rebe in /home/rebe/csye6225-fall2017)
2017-10-20 17:32:51.889  INFO 11568 --- [main] com.csye6225.demo.DemoApplicationTests   : No active profile set, falling back to default profiles: default
2017-10-20 17:32:53.877  INFO 11568 --- [main] o.s.w.c.s.GenericWebApplicationContext   : Refreshing org.springframework.web.context.support.GenericWebApplicationContext@8f2ef19: startup date [Fri Oct 20 17:32:53 EDT 2017]; root of context hierarchy
2017-10-20 17:33:01.379  INFO 11568 --- [main] o.s.b.f.s.DefaultListableBeanFactory     : Overriding bean definition for bean 'managementServletContext' with a different definition: replacing [Root bean: class [null]; scope=; abstract=false; lazyInit=false; autowireMode=3; dependencyCheck=0; autowireCandidate=true; primary=false; factoryBeanName=org.springframework.boot.actuate.autoconfigure.EndpointWebMvcHypermediaManagementContextConfiguration; factoryMethodName=managementServletContext; initMethodName=null; destroyMethodName=(inferred); defined in class path resource [org/springframework/boot/actuate/autoconfigure/EndpointWebMvcHypermediaManagementContextConfiguration.class]] with [Root bean: class [null]; scope=; abstract=false; lazyInit=false; autowireMode=3; dependencyCheck=0; autowireCandidate=true; primary=false; factoryBeanName=org.springframework.boot.actuate.autoconfigure.EndpointWebMvcAutoConfiguration; factoryMethodName=managementServletContext; initMethodName=null; destroyMethodName=(inferred); defined in class path resource [org/springframework/boot/actuate/autoconfigure/EndpointWebMvcAutoConfiguration.class]]
2017-10-20 17:33:01.990  INFO 11568 --- [main] o.s.b.f.s.DefaultListableBeanFactory     : Overriding bean definition for bean 'propertySourcesPlaceholderConfigurer' with a different definition: replacing [Root bean: class [org.springframework.boot.autoconfigure.context.PropertyPlaceholderAutoConfiguration]; scope=; abstract=false; lazyInit=false; autowireMode=3; dependencyCheck=0; autowireCandidate=true; primary=false; factoryBeanName=null; factoryMethodName=propertySourcesPlaceholderConfigurer; initMethodName=null; destroyMethodName=(inferred); defined in class path resource [org/springframework/boot/autoconfigure/context/PropertyPlaceholderAutoConfiguration.class]] with [Root bean: class [org.springframework.boot.autoconfigure.session.JdbcSessionConfiguration$SpringBootJdbcHttpSessionConfiguration]; scope=; abstract=false; lazyInit=false; autowireMode=3; dependencyCheck=0; autowireCandidate=true; primary=false; factoryBeanName=null; factoryMethodName=propertySourcesPlaceholderConfigurer; initMethodName=null; destroyMethodName=(inferred); defined in class path resource [org/springframework/boot/autoconfigure/session/JdbcSessionConfiguration$SpringBootJdbcHttpSessionConfiguration.class]]
2017-10-20 17:33:09.552  INFO 11568 --- [main] j.LocalContainerEntityManagerFactoryBean : Building JPA container EntityManagerFactory for persistence unit 'default'
2017-10-20 17:33:09.612  INFO 11568 --- [main] o.hibernate.jpa.internal.util.LogHelper  : HHH000204: Processing PersistenceUnitInfo [
	name: default
	...]
2017-10-20 17:33:09.947  INFO 11568 --- [main] org.hibernate.Version                    : HHH000412: Hibernate Core {5.0.12.Final}
2017-10-20 17:33:09.956  INFO 11568 --- [main] org.hibernate.cfg.Environment            : HHH000206: hibernate.properties not found
2017-10-20 17:33:09.989  INFO 11568 --- [main] org.hibernate.cfg.Environment            : HHH000021: Bytecode provider name : javassist
2017-10-20 17:33:10.234  INFO 11568 --- [main] o.hibernate.annotations.common.Version   : HCANN000001: Hibernate Commons Annotations {5.0.1.Final}
2017-10-20 17:33:10.958  INFO 11568 --- [main] org.hibernate.dialect.Dialect            : HHH000400: Using dialect: org.hibernate.dialect.MySQL5Dialect
2017-10-20 17:33:12.205  WARN 11568 --- [main] org.hibernate.id.UUIDHexGenerator        : HHH000409: Using org.hibernate.id.UUIDHexGenerator which does not generate IETF RFC 4122 compliant UUID values; consider using org.hibernate.id.UUIDGenerator instead
2017-10-20 17:33:13.546  INFO 11568 --- [main] org.hibernate.tool.hbm2ddl.SchemaUpdate  : HHH000228: Running hbm2ddl schema update
2017-10-20 17:33:14.057  INFO 11568 --- [main] j.LocalContainerEntityManagerFactoryBean : Initialized JPA EntityManagerFactory for persistence unit 'default'
2017-10-20 17:33:17.854  INFO 11568 --- [main] o.h.h.i.QueryTranslatorFactoryInitiator  : HHH000397: Using ASTQueryTranslatorFactory
2017-10-20 17:33:19.937  INFO 11568 --- [main] o.s.s.web.DefaultSecurityFilterChain     : Creating filter chain: org.springframework.security.web.util.matcher.AnyRequestMatcher@1, [org.springframework.security.web.context.request.async.WebAsyncManagerIntegrationFilter@16e907b6, org.springframework.security.web.context.SecurityContextPersistenceFilter@67ceeffd, org.springframework.security.web.header.HeaderWriterFilter@3cb195dd, org.springframework.security.web.authentication.logout.LogoutFilter@2dbf2da, org.springframework.security.web.authentication.www.BasicAuthenticationFilter@186481d4, org.springframework.security.web.savedrequest.RequestCacheAwareFilter@72001c71, org.springframework.security.web.servletapi.SecurityContextHolderAwareRequestFilter@6cc8adff, org.springframework.security.web.authentication.AnonymousAuthenticationFilter@6de610c6, org.springframework.security.web.session.SessionManagementFilter@342a1f84, org.springframework.security.web.access.ExceptionTranslationFilter@286a4c52, org.springframework.security.web.access.intercept.FilterSecurityInterceptor@284c4f02]
2017-10-20 17:33:22.101  INFO 11568 --- [main] o.s.b.t.m.w.SpringBootMockServletContext : Initializing Spring FrameworkServlet ''
2017-10-20 17:33:22.101  INFO 11568 --- [main] o.s.t.web.servlet.TestDispatcherServlet  : FrameworkServlet '': initialization started
2017-10-20 17:33:22.564  INFO 11568 --- [main] s.w.s.m.m.a.RequestMappingHandlerMapping : Mapped "{[/tasks/{id}/attachments],methods=[POST]}" onto public com.csye6225.demo.pojo.Attachment com.csye6225.demo.controllers.AttachmentController.addFile(com.csye6225.demo.pojo.Attachment,java.lang.String,javax.servlet.http.HttpServletResponse) throws java.lang.Exception
2017-10-20 17:33:22.575  INFO 11568 --- [main] s.w.s.m.m.a.RequestMappingHandlerMapping : Mapped "{[/tasks/{id}/attachments],methods=[GET]}" onto public java.util.Set<com.csye6225.demo.pojo.Attachment> com.csye6225.demo.controllers.AttachmentController.detailFile(java.lang.String,javax.servlet.http.HttpServletResponse) throws java.lang.Exception
2017-10-20 17:33:22.575  INFO 11568 --- [main] s.w.s.m.m.a.RequestMappingHandlerMapping : Mapped "{[/tasks/{id}/attachments/{idAttachments}],methods=[DELETE]}" onto public void com.csye6225.demo.controllers.AttachmentController.deleteFile(java.lang.String,java.lang.String,javax.servlet.http.HttpServletResponse) throws java.lang.Exception
2017-10-20 17:33:22.576  INFO 11568 --- [main] s.w.s.m.m.a.RequestMappingHandlerMapping : Mapped "{[/],methods=[GET],produces=[application/json]}" onto public java.lang.String com.csye6225.demo.controllers.HomeController.welcome()
2017-10-20 17:33:22.582  INFO 11568 --- [main] s.w.s.m.m.a.RequestMappingHandlerMapping : Mapped "{[/tasks/{id}],methods=[GET]}" onto public com.csye6225.demo.pojo.Task com.csye6225.demo.controllers.TaskController.detailTask(java.lang.String,javax.servlet.http.HttpServletResponse) throws java.lang.Exception
2017-10-20 17:33:22.607  INFO 11568 --- [main] s.w.s.m.m.a.RequestMappingHandlerMapping : Mapped "{[/tasks],methods=[GET]}" onto public java.util.List<com.csye6225.demo.pojo.Task> com.csye6225.demo.controllers.TaskController.allTask()
2017-10-20 17:33:22.608  INFO 11568 --- [main] s.w.s.m.m.a.RequestMappingHandlerMapping : Mapped "{[/tasks],methods=[POST]}" onto public com.csye6225.demo.pojo.Task com.csye6225.demo.controllers.TaskController.addTask(com.csye6225.demo.pojo.Task,javax.servlet.http.HttpServletResponse)
2017-10-20 17:33:22.608  INFO 11568 --- [main] s.w.s.m.m.a.RequestMappingHandlerMapping : Mapped "{[/tasks/{id}],methods=[PUT]}" onto public com.csye6225.demo.pojo.Task com.csye6225.demo.controllers.TaskController.updateTask(com.csye6225.demo.pojo.Task,java.lang.String,javax.servlet.http.HttpServletResponse)
2017-10-20 17:33:22.608  INFO 11568 --- [main] s.w.s.m.m.a.RequestMappingHandlerMapping : Mapped "{[/tasks/{id}],methods=[DELETE]}" onto public void com.csye6225.demo.controllers.TaskController.deleteTask(java.lang.String,javax.servlet.http.HttpServletResponse)
2017-10-20 17:33:22.622  INFO 11568 --- [main] s.w.s.m.m.a.RequestMappingHandlerMapping : Mapped "{[/user/login],methods=[POST]}" onto public java.lang.String com.csye6225.demo.controllers.UserController.login(com.csye6225.demo.pojo.User)
2017-10-20 17:33:22.629  INFO 11568 --- [main] s.w.s.m.m.a.RequestMappingHandlerMapping : Mapped "{[/user/{id}],methods=[GET]}" onto public com.csye6225.demo.pojo.User com.csye6225.demo.controllers.UserController.getAccount(java.lang.Long)
2017-10-20 17:33:22.630  INFO 11568 --- [main] s.w.s.m.m.a.RequestMappingHandlerMapping : Mapped "{[/user/all],methods=[GET]}" onto public java.lang.Iterable<com.csye6225.demo.pojo.User> com.csye6225.demo.controllers.UserController.getAllAccount()
2017-10-20 17:33:22.641  INFO 11568 --- [main] s.w.s.m.m.a.RequestMappingHandlerMapping : Mapped "{[/user/register],methods=[POST]}" onto public java.lang.String com.csye6225.demo.controllers.UserController.register(com.csye6225.demo.pojo.User)
2017-10-20 17:33:22.658  INFO 11568 --- [main] s.w.s.m.m.a.RequestMappingHandlerMapping : Mapped "{[/error],produces=[text/html]}" onto public org.springframework.web.servlet.ModelAndView org.springframework.boot.autoconfigure.web.BasicErrorController.errorHtml(javax.servlet.http.HttpServletRequest,javax.servlet.http.HttpServletResponse)
2017-10-20 17:33:22.658  INFO 11568 --- [main] s.w.s.m.m.a.RequestMappingHandlerMapping : Mapped "{[/error]}" onto public org.springframework.http.ResponseEntity<java.util.Map<java.lang.String, java.lang.Object>> org.springframework.boot.autoconfigure.web.BasicErrorController.error(javax.servlet.http.HttpServletRequest)
2017-10-20 17:33:22.903  INFO 11568 --- [main] o.s.w.s.handler.SimpleUrlHandlerMapping  : Mapped URL path [/webjars/**] onto handler of type [class org.springframework.web.servlet.resource.ResourceHttpRequestHandler]
2017-10-20 17:33:22.906  INFO 11568 --- [main] o.s.w.s.handler.SimpleUrlHandlerMapping  : Mapped URL path [/**] onto handler of type [class org.springframework.web.servlet.resource.ResourceHttpRequestHandler]
2017-10-20 17:33:22.907  INFO 11568 --- [main] o.s.w.s.handler.SimpleUrlHandlerMapping  : Mapped URL path [/docs/**] onto handler of type [class org.springframework.web.servlet.resource.ResourceHttpRequestHandler]
2017-10-20 17:33:22.998  INFO 11568 --- [main] o.s.w.s.handler.SimpleUrlHandlerMapping  : Mapped URL path [/**/favicon.ico] onto handler of type [class org.springframework.web.servlet.resource.ResourceHttpRequestHandler]
2017-10-20 17:33:24.564  INFO 11568 --- [main] o.s.b.a.e.mvc.EndpointHandlerMapping     : Mapped "{[/auditevents || /auditevents.json],methods=[GET],produces=[application/vnd.spring-boot.actuator.v1+json || application/json]}" onto public org.springframework.http.ResponseEntity<?> org.springframework.boot.actuate.endpoint.mvc.AuditEventsMvcEndpoint.findByPrincipalAndAfterAndType(java.lang.String,java.util.Date,java.lang.String)
2017-10-20 17:33:24.565  INFO 11568 --- [main] o.s.b.a.e.mvc.EndpointHandlerMapping     : Mapped "{[/docs],produces=[text/html]}" onto public java.lang.String org.springframework.boot.actuate.endpoint.mvc.DocsMvcEndpoint.redirect()
2017-10-20 17:33:24.566  INFO 11568 --- [main] o.s.b.a.e.mvc.EndpointHandlerMapping     : Mapped "{[/docs/],produces=[text/html]}" onto public java.lang.String org.springframework.boot.actuate.endpoint.mvc.DocsMvcEndpoint.browse()
2017-10-20 17:33:24.580  INFO 11568 --- [main] o.s.b.a.e.mvc.EndpointHandlerMapping     : Mapped "{[/metrics/{name:.*}],methods=[GET],produces=[application/vnd.spring-boot.actuator.v1+json || application/json]}" onto public java.lang.Object org.springframework.boot.actuate.endpoint.mvc.MetricsMvcEndpoint.value(java.lang.String)
2017-10-20 17:33:24.583  INFO 11568 --- [main] o.s.b.a.e.mvc.EndpointHandlerMapping     : Mapped "{[/metrics || /metrics.json],methods=[GET],produces=[application/vnd.spring-boot.actuator.v1+json || application/json]}" onto public java.lang.Object org.springframework.boot.actuate.endpoint.mvc.EndpointMvcAdapter.invoke()
2017-10-20 17:33:24.584  INFO 11568 --- [main] o.s.b.a.e.mvc.EndpointHandlerMapping     : Mapped "{[/health || /health.json],methods=[GET],produces=[application/vnd.spring-boot.actuator.v1+json || application/json]}" onto public java.lang.Object org.springframework.boot.actuate.endpoint.mvc.HealthMvcEndpoint.invoke(javax.servlet.http.HttpServletRequest,java.security.Principal)
2017-10-20 17:33:24.593  INFO 11568 --- [main] o.s.b.a.e.mvc.EndpointHandlerMapping     : Mapped "{[/autoconfig || /autoconfig.json],methods=[GET],produces=[application/vnd.spring-boot.actuator.v1+json || application/json]}" onto public java.lang.Object org.springframework.boot.actuate.endpoint.mvc.EndpointMvcAdapter.invoke()
2017-10-20 17:33:24.604  INFO 11568 --- [main] o.s.b.a.e.mvc.EndpointHandlerMapping     : Mapped "{[/heapdump || /heapdump.json],methods=[GET],produces=[application/octet-stream]}" onto public void org.springframework.boot.actuate.endpoint.mvc.HeapdumpMvcEndpoint.invoke(boolean,javax.servlet.http.HttpServletRequest,javax.servlet.http.HttpServletResponse) throws java.io.IOException,javax.servlet.ServletException
2017-10-20 17:33:24.605  INFO 11568 --- [main] o.s.b.a.e.mvc.EndpointHandlerMapping     : Mapped "{[/logfile || /logfile.json],methods=[GET || HEAD]}" onto public void org.springframework.boot.actuate.endpoint.mvc.LogFileMvcEndpoint.invoke(javax.servlet.http.HttpServletRequest,javax.servlet.http.HttpServletResponse) throws javax.servlet.ServletException,java.io.IOException
2017-10-20 17:33:24.607  INFO 11568 --- [main] o.s.b.a.e.mvc.EndpointHandlerMapping     : Mapped "{[/trace || /trace.json],methods=[GET],produces=[application/vnd.spring-boot.actuator.v1+json || application/json]}" onto public java.lang.Object org.springframework.boot.actuate.endpoint.mvc.EndpointMvcAdapter.invoke()
2017-10-20 17:33:24.620  INFO 11568 --- [main] o.s.b.a.e.mvc.EndpointHandlerMapping     : Mapped "{[/env/{name:.*}],methods=[GET],produces=[application/vnd.spring-boot.actuator.v1+json || application/json]}" onto public java.lang.Object org.springframework.boot.actuate.endpoint.mvc.EnvironmentMvcEndpoint.value(java.lang.String)
2017-10-20 17:33:24.624  INFO 11568 --- [main] o.s.b.a.e.mvc.EndpointHandlerMapping     : Mapped "{[/env || /env.json],methods=[GET],produces=[application/vnd.spring-boot.actuator.v1+json || application/json]}" onto public java.lang.Object org.springframework.boot.actuate.endpoint.mvc.EndpointMvcAdapter.invoke()
2017-10-20 17:33:24.632  INFO 11568 --- [main] o.s.b.a.e.mvc.EndpointHandlerMapping     : Mapped "{[/info || /info.json],methods=[GET],produces=[application/vnd.spring-boot.actuator.v1+json || application/json]}" onto public java.lang.Object org.springframework.boot.actuate.endpoint.mvc.EndpointMvcAdapter.invoke()
2017-10-20 17:33:24.641  INFO 11568 --- [main] o.s.b.a.e.mvc.EndpointHandlerMapping     : Mapped "{[/beans || /beans.json],methods=[GET],produces=[application/vnd.spring-boot.actuator.v1+json || application/json]}" onto public java.lang.Object org.springframework.boot.actuate.endpoint.mvc.EndpointMvcAdapter.invoke()
2017-10-20 17:33:24.651  INFO 11568 --- [main] o.s.b.a.e.mvc.EndpointHandlerMapping     : Mapped "{[/loggers/{name:.*}],methods=[GET],produces=[application/vnd.spring-boot.actuator.v1+json || application/json]}" onto public java.lang.Object org.springframework.boot.actuate.endpoint.mvc.LoggersMvcEndpoint.get(java.lang.String)
2017-10-20 17:33:24.652  INFO 11568 --- [main] o.s.b.a.e.mvc.EndpointHandlerMapping     : Mapped "{[/loggers/{name:.*}],methods=[POST],consumes=[application/vnd.spring-boot.actuator.v1+json || application/json],produces=[application/vnd.spring-boot.actuator.v1+json || application/json]}" onto public java.lang.Object org.springframework.boot.actuate.endpoint.mvc.LoggersMvcEndpoint.set(java.lang.String,java.util.Map<java.lang.String, java.lang.String>)
2017-10-20 17:33:24.671  INFO 11568 --- [main] o.s.b.a.e.mvc.EndpointHandlerMapping     : Mapped "{[/loggers || /loggers.json],methods=[GET],produces=[application/vnd.spring-boot.actuator.v1+json || application/json]}" onto public java.lang.Object org.springframework.boot.actuate.endpoint.mvc.EndpointMvcAdapter.invoke()
2017-10-20 17:33:24.674  INFO 11568 --- [main] o.s.b.a.e.mvc.EndpointHandlerMapping     : Mapped "{[/actuator || /actuator.json],methods=[GET],produces=[application/vnd.spring-boot.actuator.v1+json || application/json]}" onto public org.springframework.hateoas.ResourceSupport org.springframework.boot.actuate.endpoint.mvc.HalJsonMvcEndpoint.links()
2017-10-20 17:33:24.675  INFO 11568 --- [main] o.s.b.a.e.mvc.EndpointHandlerMapping     : Mapped "{[/dump || /dump.json],methods=[GET],produces=[application/vnd.spring-boot.actuator.v1+json || application/json]}" onto public java.lang.Object org.springframework.boot.actuate.endpoint.mvc.EndpointMvcAdapter.invoke()
2017-10-20 17:33:24.675  INFO 11568 --- [main] o.s.b.a.e.mvc.EndpointHandlerMapping     : Mapped "{[/mappings || /mappings.json],methods=[GET],produces=[application/vnd.spring-boot.actuator.v1+json || application/json]}" onto public java.lang.Object org.springframework.boot.actuate.endpoint.mvc.EndpointMvcAdapter.invoke()
2017-10-20 17:33:24.676  INFO 11568 --- [main] o.s.b.a.e.mvc.EndpointHandlerMapping     : Mapped "{[/configprops || /configprops.json],methods=[GET],produces=[application/vnd.spring-boot.actuator.v1+json || application/json]}" onto public java.lang.Object org.springframework.boot.actuate.endpoint.mvc.EndpointMvcAdapter.invoke()
2017-10-20 17:33:25.895  INFO 11568 --- [main] s.w.s.m.m.a.RequestMappingHandlerAdapter : Looking for @ControllerAdvice: org.springframework.web.context.support.GenericWebApplicationContext@8f2ef19: startup date [Fri Oct 20 17:32:53 EDT 2017]; root of context hierarchy
2017-10-20 17:33:25.947  INFO 11568 --- [main] s.w.s.m.m.a.RequestMappingHandlerAdapter : Detected ResponseBodyAdvice bean in org.springframework.boot.actuate.autoconfigure.EndpointWebMvcHypermediaManagementContextConfiguration$ActuatorEndpointLinksAdvice
2017-10-20 17:33:26.241  INFO 11568 --- [main] .m.m.a.ExceptionHandlerExceptionResolver : Detected ResponseBodyAdvice implementation in org.springframework.boot.actuate.autoconfigure.EndpointWebMvcHypermediaManagementContextConfiguration$ActuatorEndpointLinksAdvice
2017-10-20 17:33:26.569  INFO 11568 --- [main] o.s.t.web.servlet.TestDispatcherServlet  : FrameworkServlet '': initialization completed in 4447 ms
2017-10-20 17:33:28.124  INFO 11568 --- [main] o.s.jdbc.datasource.init.ScriptUtils     : Executing SQL script from class path resource [org/springframework/session/jdbc/schema-mysql.sql]
2017-10-20 17:33:28.192  INFO 11568 --- [main] o.s.jdbc.datasource.init.ScriptUtils     : Executed SQL script from class path resource [org/springframework/session/jdbc/schema-mysql.sql] in 63 ms.
2017-10-20 17:33:28.795  INFO 11568 --- [main] s.a.ScheduledAnnotationBeanPostProcessor : No TaskScheduler/ScheduledExecutorService bean found for scheduled processing
2017-10-20 17:33:28.864  INFO 11568 --- [main] com.csye6225.demo.DemoApplicationTests   : Started DemoApplicationTests in 40.943 seconds (JVM running for 45.553)
2017-10-20 17:33:29.189  INFO 11568 --- [Thread-5] o.s.w.c.s.GenericWebApplicationContext   : Closing org.springframework.web.context.support.GenericWebApplicationContext@8f2ef19: startup date [Fri Oct 20 17:32:53 EDT 2017]; root of context hierarchy
2017-10-20 17:33:29.204  INFO 11568 --- [Thread-5] j.LocalContainerEntityManagerFactoryBean : Closing JPA EntityManagerFactory for persistence unit 'default'
