2017-10-19 16:59:02.394  INFO 4653 --- [main] com.csye6225.demo.DemoApplicationTests   : Starting DemoApplicationTests on xss-VirtualBox with PID 4653 (started by xss in /home/xss/csye6225-fall2017)
2017-10-19 16:59:02.407  INFO 4653 --- [main] com.csye6225.demo.DemoApplicationTests   : No active profile set, falling back to default profiles: default
2017-10-19 16:59:03.952  INFO 4653 --- [main] o.s.w.c.s.GenericWebApplicationContext   : Refreshing org.springframework.web.context.support.GenericWebApplicationContext@75390459: startup date [Thu Oct 19 16:59:03 EDT 2017]; root of context hierarchy
2017-10-19 16:59:08.504  INFO 4653 --- [main] o.s.b.f.s.DefaultListableBeanFactory     : Overriding bean definition for bean 'managementServletContext' with a different definition: replacing [Root bean: class [null]; scope=; abstract=false; lazyInit=false; autowireMode=3; dependencyCheck=0; autowireCandidate=true; primary=false; factoryBeanName=org.springframework.boot.actuate.autoconfigure.EndpointWebMvcHypermediaManagementContextConfiguration; factoryMethodName=managementServletContext; initMethodName=null; destroyMethodName=(inferred); defined in class path resource [org/springframework/boot/actuate/autoconfigure/EndpointWebMvcHypermediaManagementContextConfiguration.class]] with [Root bean: class [null]; scope=; abstract=false; lazyInit=false; autowireMode=3; dependencyCheck=0; autowireCandidate=true; primary=false; factoryBeanName=org.springframework.boot.actuate.autoconfigure.EndpointWebMvcAutoConfiguration; factoryMethodName=managementServletContext; initMethodName=null; destroyMethodName=(inferred); defined in class path resource [org/springframework/boot/actuate/autoconfigure/EndpointWebMvcAutoConfiguration.class]]
2017-10-19 16:59:08.999  INFO 4653 --- [main] o.s.b.f.s.DefaultListableBeanFactory     : Overriding bean definition for bean 'propertySourcesPlaceholderConfigurer' with a different definition: replacing [Root bean: class [org.springframework.boot.autoconfigure.context.PropertyPlaceholderAutoConfiguration]; scope=; abstract=false; lazyInit=false; autowireMode=3; dependencyCheck=0; autowireCandidate=true; primary=false; factoryBeanName=null; factoryMethodName=propertySourcesPlaceholderConfigurer; initMethodName=null; destroyMethodName=(inferred); defined in class path resource [org/springframework/boot/autoconfigure/context/PropertyPlaceholderAutoConfiguration.class]] with [Root bean: class [org.springframework.boot.autoconfigure.session.JdbcSessionConfiguration$SpringBootJdbcHttpSessionConfiguration]; scope=; abstract=false; lazyInit=false; autowireMode=3; dependencyCheck=0; autowireCandidate=true; primary=false; factoryBeanName=null; factoryMethodName=propertySourcesPlaceholderConfigurer; initMethodName=null; destroyMethodName=(inferred); defined in class path resource [org/springframework/boot/autoconfigure/session/JdbcSessionConfiguration$SpringBootJdbcHttpSessionConfiguration.class]]
2017-10-19 16:59:14.334  INFO 4653 --- [main] j.LocalContainerEntityManagerFactoryBean : Building JPA container EntityManagerFactory for persistence unit 'default'
2017-10-19 16:59:14.419  INFO 4653 --- [main] o.hibernate.jpa.internal.util.LogHelper  : HHH000204: Processing PersistenceUnitInfo [
	name: default
	...]
2017-10-19 16:59:14.836  INFO 4653 --- [main] org.hibernate.Version                    : HHH000412: Hibernate Core {5.0.12.Final}
2017-10-19 16:59:14.864  INFO 4653 --- [main] org.hibernate.cfg.Environment            : HHH000206: hibernate.properties not found
2017-10-19 16:59:14.873  INFO 4653 --- [main] org.hibernate.cfg.Environment            : HHH000021: Bytecode provider name : javassist
2017-10-19 16:59:15.411  INFO 4653 --- [main] o.hibernate.annotations.common.Version   : HCANN000001: Hibernate Commons Annotations {5.0.1.Final}
2017-10-19 16:59:16.378  INFO 4653 --- [main] org.hibernate.dialect.Dialect            : HHH000400: Using dialect: org.hibernate.dialect.MySQL5Dialect
2017-10-19 16:59:17.595  WARN 4653 --- [main] org.hibernate.id.UUIDHexGenerator        : HHH000409: Using org.hibernate.id.UUIDHexGenerator which does not generate IETF RFC 4122 compliant UUID values; consider using org.hibernate.id.UUIDGenerator instead
2017-10-19 16:59:19.074  INFO 4653 --- [main] org.hibernate.tool.hbm2ddl.SchemaUpdate  : HHH000228: Running hbm2ddl schema update
2017-10-19 16:59:19.529  INFO 4653 --- [main] j.LocalContainerEntityManagerFactoryBean : Initialized JPA EntityManagerFactory for persistence unit 'default'
2017-10-19 16:59:22.818  INFO 4653 --- [main] o.h.h.i.QueryTranslatorFactoryInitiator  : HHH000397: Using ASTQueryTranslatorFactory
2017-10-19 16:59:24.718  INFO 4653 --- [main] o.s.s.web.DefaultSecurityFilterChain     : Creating filter chain: org.springframework.security.web.util.matcher.AnyRequestMatcher@1, [org.springframework.security.web.context.request.async.WebAsyncManagerIntegrationFilter@17fa14a3, org.springframework.security.web.context.SecurityContextPersistenceFilter@2af3b054, org.springframework.security.web.header.HeaderWriterFilter@261b6c8c, org.springframework.security.web.authentication.logout.LogoutFilter@7c2e88b9, org.springframework.security.web.authentication.www.BasicAuthenticationFilter@515d615, org.springframework.security.web.savedrequest.RequestCacheAwareFilter@21046afa, org.springframework.security.web.servletapi.SecurityContextHolderAwareRequestFilter@3bf4644c, org.springframework.security.web.authentication.AnonymousAuthenticationFilter@5552d10, org.springframework.security.web.session.SessionManagementFilter@177302d6, org.springframework.security.web.access.ExceptionTranslationFilter@8c34631, org.springframework.security.web.access.intercept.FilterSecurityInterceptor@54c37dab]
2017-10-19 16:59:27.029  INFO 4653 --- [main] s.w.s.m.m.a.RequestMappingHandlerAdapter : Looking for @ControllerAdvice: org.springframework.web.context.support.GenericWebApplicationContext@75390459: startup date [Thu Oct 19 16:59:03 EDT 2017]; root of context hierarchy
2017-10-19 16:59:27.131  INFO 4653 --- [main] s.w.s.m.m.a.RequestMappingHandlerAdapter : Detected ResponseBodyAdvice bean in org.springframework.boot.actuate.autoconfigure.EndpointWebMvcHypermediaManagementContextConfiguration$ActuatorEndpointLinksAdvice
2017-10-19 16:59:27.572  INFO 4653 --- [main] s.w.s.m.m.a.RequestMappingHandlerMapping : Mapped "{[/tasks/{id}/attachments],methods=[POST],consumes=[multipart/form-data]}" onto public com.csye6225.demo.pojo.Attachment com.csye6225.demo.controllers.AttachmentController.addFile(com.csye6225.demo.pojo.Attachment,java.lang.String)
2017-10-19 16:59:27.580  INFO 4653 --- [main] s.w.s.m.m.a.RequestMappingHandlerMapping : Mapped "{[/tasks/{id}/attachments],methods=[GET]}" onto public java.util.Set<com.csye6225.demo.pojo.Attachment> com.csye6225.demo.controllers.AttachmentController.detailFile(java.lang.String)
2017-10-19 16:59:27.580  INFO 4653 --- [main] s.w.s.m.m.a.RequestMappingHandlerMapping : Mapped "{[/tasks/{id}/attachments/{idAttachments}],methods=[DELETE]}" onto public void com.csye6225.demo.controllers.AttachmentController.deleteFile(java.lang.String)
2017-10-19 16:59:27.595  INFO 4653 --- [main] s.w.s.m.m.a.RequestMappingHandlerMapping : Mapped "{[/],methods=[GET],produces=[application/json]}" onto public java.lang.String com.csye6225.demo.controllers.HomeController.welcome()
2017-10-19 16:59:27.624  INFO 4653 --- [main] s.w.s.m.m.a.RequestMappingHandlerMapping : Mapped "{[/tasks/{id}],methods=[GET]}" onto public com.csye6225.demo.pojo.Task com.csye6225.demo.controllers.TaskController.detailTask(java.lang.String)
2017-10-19 16:59:27.625  INFO 4653 --- [main] s.w.s.m.m.a.RequestMappingHandlerMapping : Mapped "{[/tasks/{id}],methods=[PUT]}" onto public com.csye6225.demo.pojo.Task com.csye6225.demo.controllers.TaskController.updateTask(com.csye6225.demo.pojo.Task,java.lang.String)
2017-10-19 16:59:27.626  INFO 4653 --- [main] s.w.s.m.m.a.RequestMappingHandlerMapping : Mapped "{[/tasks/{id}],methods=[DELETE]}" onto public void com.csye6225.demo.controllers.TaskController.deleteTask(java.lang.String)
2017-10-19 16:59:27.628  INFO 4653 --- [main] s.w.s.m.m.a.RequestMappingHandlerMapping : Mapped "{[/tasks],methods=[GET]}" onto public java.lang.Iterable<com.csye6225.demo.pojo.Task> com.csye6225.demo.controllers.TaskController.allTask()
2017-10-19 16:59:27.628  INFO 4653 --- [main] s.w.s.m.m.a.RequestMappingHandlerMapping : Mapped "{[/tasks],methods=[POST]}" onto public com.csye6225.demo.pojo.Task com.csye6225.demo.controllers.TaskController.addTask(com.csye6225.demo.pojo.Task)
2017-10-19 16:59:27.634  INFO 4653 --- [main] s.w.s.m.m.a.RequestMappingHandlerMapping : Mapped "{[/user/login],methods=[POST]}" onto public java.lang.String com.csye6225.demo.controllers.UserController.login(com.csye6225.demo.pojo.User)
2017-10-19 16:59:27.639  INFO 4653 --- [main] s.w.s.m.m.a.RequestMappingHandlerMapping : Mapped "{[/user/{id}],methods=[GET]}" onto public com.csye6225.demo.pojo.User com.csye6225.demo.controllers.UserController.getAccount(java.lang.Long)
2017-10-19 16:59:27.640  INFO 4653 --- [main] s.w.s.m.m.a.RequestMappingHandlerMapping : Mapped "{[/user/all],methods=[GET]}" onto public java.lang.Iterable<com.csye6225.demo.pojo.User> com.csye6225.demo.controllers.UserController.getAllAccount()
2017-10-19 16:59:27.644  INFO 4653 --- [main] s.w.s.m.m.a.RequestMappingHandlerMapping : Mapped "{[/user/register],methods=[POST]}" onto public java.lang.String com.csye6225.demo.controllers.UserController.register(com.csye6225.demo.pojo.User)
2017-10-19 16:59:27.648  INFO 4653 --- [main] s.w.s.m.m.a.RequestMappingHandlerMapping : Mapped "{[/error],produces=[text/html]}" onto public org.springframework.web.servlet.ModelAndView org.springframework.boot.autoconfigure.web.BasicErrorController.errorHtml(javax.servlet.http.HttpServletRequest,javax.servlet.http.HttpServletResponse)
2017-10-19 16:59:27.649  INFO 4653 --- [main] s.w.s.m.m.a.RequestMappingHandlerMapping : Mapped "{[/error]}" onto public org.springframework.http.ResponseEntity<java.util.Map<java.lang.String, java.lang.Object>> org.springframework.boot.autoconfigure.web.BasicErrorController.error(javax.servlet.http.HttpServletRequest)
2017-10-19 16:59:27.905  INFO 4653 --- [main] o.s.w.s.handler.SimpleUrlHandlerMapping  : Mapped URL path [/webjars/**] onto handler of type [class org.springframework.web.servlet.resource.ResourceHttpRequestHandler]
2017-10-19 16:59:27.906  INFO 4653 --- [main] o.s.w.s.handler.SimpleUrlHandlerMapping  : Mapped URL path [/**] onto handler of type [class org.springframework.web.servlet.resource.ResourceHttpRequestHandler]
2017-10-19 16:59:27.906  INFO 4653 --- [main] o.s.w.s.handler.SimpleUrlHandlerMapping  : Mapped URL path [/docs/**] onto handler of type [class org.springframework.web.servlet.resource.ResourceHttpRequestHandler]
2017-10-19 16:59:28.022  INFO 4653 --- [main] .m.m.a.ExceptionHandlerExceptionResolver : Detected ResponseBodyAdvice implementation in org.springframework.boot.actuate.autoconfigure.EndpointWebMvcHypermediaManagementContextConfiguration$ActuatorEndpointLinksAdvice
2017-10-19 16:59:28.151  INFO 4653 --- [main] o.s.w.s.handler.SimpleUrlHandlerMapping  : Mapped URL path [/**/favicon.ico] onto handler of type [class org.springframework.web.servlet.resource.ResourceHttpRequestHandler]
2017-10-19 16:59:30.522  INFO 4653 --- [main] o.s.b.a.e.mvc.EndpointHandlerMapping     : Mapped "{[/configprops || /configprops.json],methods=[GET],produces=[application/vnd.spring-boot.actuator.v1+json || application/json]}" onto public java.lang.Object org.springframework.boot.actuate.endpoint.mvc.EndpointMvcAdapter.invoke()
2017-10-19 16:59:30.531  INFO 4653 --- [main] o.s.b.a.e.mvc.EndpointHandlerMapping     : Mapped "{[/logfile || /logfile.json],methods=[GET || HEAD]}" onto public void org.springframework.boot.actuate.endpoint.mvc.LogFileMvcEndpoint.invoke(javax.servlet.http.HttpServletRequest,javax.servlet.http.HttpServletResponse) throws javax.servlet.ServletException,java.io.IOException
2017-10-19 16:59:30.532  INFO 4653 --- [main] o.s.b.a.e.mvc.EndpointHandlerMapping     : Mapped "{[/trace || /trace.json],methods=[GET],produces=[application/vnd.spring-boot.actuator.v1+json || application/json]}" onto public java.lang.Object org.springframework.boot.actuate.endpoint.mvc.EndpointMvcAdapter.invoke()
2017-10-19 16:59:30.535  INFO 4653 --- [main] o.s.b.a.e.mvc.EndpointHandlerMapping     : Mapped "{[/auditevents || /auditevents.json],methods=[GET],produces=[application/vnd.spring-boot.actuator.v1+json || application/json]}" onto public org.springframework.http.ResponseEntity<?> org.springframework.boot.actuate.endpoint.mvc.AuditEventsMvcEndpoint.findByPrincipalAndAfterAndType(java.lang.String,java.util.Date,java.lang.String)
2017-10-19 16:59:30.538  INFO 4653 --- [main] o.s.b.a.e.mvc.EndpointHandlerMapping     : Mapped "{[/mappings || /mappings.json],methods=[GET],produces=[application/vnd.spring-boot.actuator.v1+json || application/json]}" onto public java.lang.Object org.springframework.boot.actuate.endpoint.mvc.EndpointMvcAdapter.invoke()
2017-10-19 16:59:30.547  INFO 4653 --- [main] o.s.b.a.e.mvc.EndpointHandlerMapping     : Mapped "{[/actuator || /actuator.json],methods=[GET],produces=[application/vnd.spring-boot.actuator.v1+json || application/json]}" onto public org.springframework.hateoas.ResourceSupport org.springframework.boot.actuate.endpoint.mvc.HalJsonMvcEndpoint.links()
2017-10-19 16:59:30.558  INFO 4653 --- [main] o.s.b.a.e.mvc.EndpointHandlerMapping     : Mapped "{[/metrics/{name:.*}],methods=[GET],produces=[application/vnd.spring-boot.actuator.v1+json || application/json]}" onto public java.lang.Object org.springframework.boot.actuate.endpoint.mvc.MetricsMvcEndpoint.value(java.lang.String)
2017-10-19 16:59:30.558  INFO 4653 --- [main] o.s.b.a.e.mvc.EndpointHandlerMapping     : Mapped "{[/metrics || /metrics.json],methods=[GET],produces=[application/vnd.spring-boot.actuator.v1+json || application/json]}" onto public java.lang.Object org.springframework.boot.actuate.endpoint.mvc.EndpointMvcAdapter.invoke()
2017-10-19 16:59:30.559  INFO 4653 --- [main] o.s.b.a.e.mvc.EndpointHandlerMapping     : Mapped "{[/env/{name:.*}],methods=[GET],produces=[application/vnd.spring-boot.actuator.v1+json || application/json]}" onto public java.lang.Object org.springframework.boot.actuate.endpoint.mvc.EnvironmentMvcEndpoint.value(java.lang.String)
2017-10-19 16:59:30.560  INFO 4653 --- [main] o.s.b.a.e.mvc.EndpointHandlerMapping     : Mapped "{[/env || /env.json],methods=[GET],produces=[application/vnd.spring-boot.actuator.v1+json || application/json]}" onto public java.lang.Object org.springframework.boot.actuate.endpoint.mvc.EndpointMvcAdapter.invoke()
2017-10-19 16:59:30.561  INFO 4653 --- [main] o.s.b.a.e.mvc.EndpointHandlerMapping     : Mapped "{[/heapdump || /heapdump.json],methods=[GET],produces=[application/octet-stream]}" onto public void org.springframework.boot.actuate.endpoint.mvc.HeapdumpMvcEndpoint.invoke(boolean,javax.servlet.http.HttpServletRequest,javax.servlet.http.HttpServletResponse) throws java.io.IOException,javax.servlet.ServletException
2017-10-19 16:59:30.567  INFO 4653 --- [main] o.s.b.a.e.mvc.EndpointHandlerMapping     : Mapped "{[/autoconfig || /autoconfig.json],methods=[GET],produces=[application/vnd.spring-boot.actuator.v1+json || application/json]}" onto public java.lang.Object org.springframework.boot.actuate.endpoint.mvc.EndpointMvcAdapter.invoke()
2017-10-19 16:59:30.577  INFO 4653 --- [main] o.s.b.a.e.mvc.EndpointHandlerMapping     : Mapped "{[/info || /info.json],methods=[GET],produces=[application/vnd.spring-boot.actuator.v1+json || application/json]}" onto public java.lang.Object org.springframework.boot.actuate.endpoint.mvc.EndpointMvcAdapter.invoke()
2017-10-19 16:59:30.584  INFO 4653 --- [main] o.s.b.a.e.mvc.EndpointHandlerMapping     : Mapped "{[/docs],produces=[text/html]}" onto public java.lang.String org.springframework.boot.actuate.endpoint.mvc.DocsMvcEndpoint.redirect()
2017-10-19 16:59:30.589  INFO 4653 --- [main] o.s.b.a.e.mvc.EndpointHandlerMapping     : Mapped "{[/docs/],produces=[text/html]}" onto public java.lang.String org.springframework.boot.actuate.endpoint.mvc.DocsMvcEndpoint.browse()
2017-10-19 16:59:30.607  INFO 4653 --- [main] o.s.b.a.e.mvc.EndpointHandlerMapping     : Mapped "{[/health || /health.json],methods=[GET],produces=[application/vnd.spring-boot.actuator.v1+json || application/json]}" onto public java.lang.Object org.springframework.boot.actuate.endpoint.mvc.HealthMvcEndpoint.invoke(javax.servlet.http.HttpServletRequest,java.security.Principal)
2017-10-19 16:59:30.622  INFO 4653 --- [main] o.s.b.a.e.mvc.EndpointHandlerMapping     : Mapped "{[/loggers/{name:.*}],methods=[GET],produces=[application/vnd.spring-boot.actuator.v1+json || application/json]}" onto public java.lang.Object org.springframework.boot.actuate.endpoint.mvc.LoggersMvcEndpoint.get(java.lang.String)
2017-10-19 16:59:30.623  INFO 4653 --- [main] o.s.b.a.e.mvc.EndpointHandlerMapping     : Mapped "{[/loggers/{name:.*}],methods=[POST],consumes=[application/vnd.spring-boot.actuator.v1+json || application/json],produces=[application/vnd.spring-boot.actuator.v1+json || application/json]}" onto public java.lang.Object org.springframework.boot.actuate.endpoint.mvc.LoggersMvcEndpoint.set(java.lang.String,java.util.Map<java.lang.String, java.lang.String>)
2017-10-19 16:59:30.623  INFO 4653 --- [main] o.s.b.a.e.mvc.EndpointHandlerMapping     : Mapped "{[/loggers || /loggers.json],methods=[GET],produces=[application/vnd.spring-boot.actuator.v1+json || application/json]}" onto public java.lang.Object org.springframework.boot.actuate.endpoint.mvc.EndpointMvcAdapter.invoke()
2017-10-19 16:59:30.627  INFO 4653 --- [main] o.s.b.a.e.mvc.EndpointHandlerMapping     : Mapped "{[/beans || /beans.json],methods=[GET],produces=[application/vnd.spring-boot.actuator.v1+json || application/json]}" onto public java.lang.Object org.springframework.boot.actuate.endpoint.mvc.EndpointMvcAdapter.invoke()
2017-10-19 16:59:30.633  INFO 4653 --- [main] o.s.b.a.e.mvc.EndpointHandlerMapping     : Mapped "{[/dump || /dump.json],methods=[GET],produces=[application/vnd.spring-boot.actuator.v1+json || application/json]}" onto public java.lang.Object org.springframework.boot.actuate.endpoint.mvc.EndpointMvcAdapter.invoke()
2017-10-19 16:59:31.665  INFO 4653 --- [main] o.s.jdbc.datasource.init.ScriptUtils     : Executing SQL script from class path resource [org/springframework/session/jdbc/schema-mysql.sql]
2017-10-19 16:59:31.726  INFO 4653 --- [main] o.s.jdbc.datasource.init.ScriptUtils     : Executed SQL script from class path resource [org/springframework/session/jdbc/schema-mysql.sql] in 60 ms.
2017-10-19 16:59:32.779  INFO 4653 --- [main] s.a.ScheduledAnnotationBeanPostProcessor : No TaskScheduler/ScheduledExecutorService bean found for scheduled processing
2017-10-19 16:59:32.834  INFO 4653 --- [main] com.csye6225.demo.DemoApplicationTests   : Started DemoApplicationTests in 32.482 seconds (JVM running for 39.822)
2017-10-19 16:59:33.245  INFO 4653 --- [Thread-4] o.s.w.c.s.GenericWebApplicationContext   : Closing org.springframework.web.context.support.GenericWebApplicationContext@75390459: startup date [Thu Oct 19 16:59:03 EDT 2017]; root of context hierarchy
2017-10-19 16:59:33.282  INFO 4653 --- [Thread-4] j.LocalContainerEntityManagerFactoryBean : Closing JPA EntityManagerFactory for persistence unit 'default'
2017-10-19 20:00:21.445  INFO 3892 --- [main] com.csye6225.demo.DemoApplicationTests   : Starting DemoApplicationTests on xss-VirtualBox with PID 3892 (started by xss in /home/xss/csye6225-fall2017)
2017-10-19 20:00:21.455  INFO 3892 --- [main] com.csye6225.demo.DemoApplicationTests   : No active profile set, falling back to default profiles: default
2017-10-19 20:00:22.549  INFO 3892 --- [main] o.s.w.c.s.GenericWebApplicationContext   : Refreshing org.springframework.web.context.support.GenericWebApplicationContext@65c7a252: startup date [Thu Oct 19 20:00:22 EDT 2017]; root of context hierarchy
2017-10-19 20:00:25.887  INFO 3892 --- [main] o.s.b.f.s.DefaultListableBeanFactory     : Overriding bean definition for bean 'managementServletContext' with a different definition: replacing [Root bean: class [null]; scope=; abstract=false; lazyInit=false; autowireMode=3; dependencyCheck=0; autowireCandidate=true; primary=false; factoryBeanName=org.springframework.boot.actuate.autoconfigure.EndpointWebMvcHypermediaManagementContextConfiguration; factoryMethodName=managementServletContext; initMethodName=null; destroyMethodName=(inferred); defined in class path resource [org/springframework/boot/actuate/autoconfigure/EndpointWebMvcHypermediaManagementContextConfiguration.class]] with [Root bean: class [null]; scope=; abstract=false; lazyInit=false; autowireMode=3; dependencyCheck=0; autowireCandidate=true; primary=false; factoryBeanName=org.springframework.boot.actuate.autoconfigure.EndpointWebMvcAutoConfiguration; factoryMethodName=managementServletContext; initMethodName=null; destroyMethodName=(inferred); defined in class path resource [org/springframework/boot/actuate/autoconfigure/EndpointWebMvcAutoConfiguration.class]]
2017-10-19 20:00:26.114  INFO 3892 --- [main] o.s.b.f.s.DefaultListableBeanFactory     : Overriding bean definition for bean 'propertySourcesPlaceholderConfigurer' with a different definition: replacing [Root bean: class [org.springframework.boot.autoconfigure.context.PropertyPlaceholderAutoConfiguration]; scope=; abstract=false; lazyInit=false; autowireMode=3; dependencyCheck=0; autowireCandidate=true; primary=false; factoryBeanName=null; factoryMethodName=propertySourcesPlaceholderConfigurer; initMethodName=null; destroyMethodName=(inferred); defined in class path resource [org/springframework/boot/autoconfigure/context/PropertyPlaceholderAutoConfiguration.class]] with [Root bean: class [org.springframework.boot.autoconfigure.session.JdbcSessionConfiguration$SpringBootJdbcHttpSessionConfiguration]; scope=; abstract=false; lazyInit=false; autowireMode=3; dependencyCheck=0; autowireCandidate=true; primary=false; factoryBeanName=null; factoryMethodName=propertySourcesPlaceholderConfigurer; initMethodName=null; destroyMethodName=(inferred); defined in class path resource [org/springframework/boot/autoconfigure/session/JdbcSessionConfiguration$SpringBootJdbcHttpSessionConfiguration.class]]
2017-10-19 20:00:29.909  INFO 3892 --- [main] j.LocalContainerEntityManagerFactoryBean : Building JPA container EntityManagerFactory for persistence unit 'default'
2017-10-19 20:00:29.971  INFO 3892 --- [main] o.hibernate.jpa.internal.util.LogHelper  : HHH000204: Processing PersistenceUnitInfo [
	name: default
	...]
2017-10-19 20:00:30.292  INFO 3892 --- [main] org.hibernate.Version                    : HHH000412: Hibernate Core {5.0.12.Final}
2017-10-19 20:00:30.301  INFO 3892 --- [main] org.hibernate.cfg.Environment            : HHH000206: hibernate.properties not found
2017-10-19 20:00:30.320  INFO 3892 --- [main] org.hibernate.cfg.Environment            : HHH000021: Bytecode provider name : javassist
2017-10-19 20:00:30.462  INFO 3892 --- [main] o.hibernate.annotations.common.Version   : HCANN000001: Hibernate Commons Annotations {5.0.1.Final}
2017-10-19 20:00:30.952  INFO 3892 --- [main] org.hibernate.dialect.Dialect            : HHH000400: Using dialect: org.hibernate.dialect.MySQL5Dialect
2017-10-19 20:00:31.785  WARN 3892 --- [main] org.hibernate.id.UUIDHexGenerator        : HHH000409: Using org.hibernate.id.UUIDHexGenerator which does not generate IETF RFC 4122 compliant UUID values; consider using org.hibernate.id.UUIDGenerator instead
2017-10-19 20:00:32.412  INFO 3892 --- [main] org.hibernate.tool.hbm2ddl.SchemaUpdate  : HHH000228: Running hbm2ddl schema update
2017-10-19 20:00:32.677  INFO 3892 --- [main] j.LocalContainerEntityManagerFactoryBean : Initialized JPA EntityManagerFactory for persistence unit 'default'
2017-10-19 20:00:34.686  INFO 3892 --- [main] o.h.h.i.QueryTranslatorFactoryInitiator  : HHH000397: Using ASTQueryTranslatorFactory
2017-10-19 20:00:35.789  INFO 3892 --- [main] o.s.s.web.DefaultSecurityFilterChain     : Creating filter chain: org.springframework.security.web.util.matcher.AnyRequestMatcher@1, [org.springframework.security.web.context.request.async.WebAsyncManagerIntegrationFilter@362a6aa5, org.springframework.security.web.context.SecurityContextPersistenceFilter@31b6b0c7, org.springframework.security.web.header.HeaderWriterFilter@778113f2, org.springframework.security.web.authentication.logout.LogoutFilter@350f18a6, org.springframework.security.web.authentication.www.BasicAuthenticationFilter@36cfe107, org.springframework.security.web.savedrequest.RequestCacheAwareFilter@7d1cb59f, org.springframework.security.web.servletapi.SecurityContextHolderAwareRequestFilter@6851b296, org.springframework.security.web.authentication.AnonymousAuthenticationFilter@53b7bf01, org.springframework.security.web.session.SessionManagementFilter@271e851e, org.springframework.security.web.access.ExceptionTranslationFilter@74bbc273, org.springframework.security.web.access.intercept.FilterSecurityInterceptor@750e2d33]
2017-10-19 20:00:37.327  INFO 3892 --- [main] s.w.s.m.m.a.RequestMappingHandlerAdapter : Looking for @ControllerAdvice: org.springframework.web.context.support.GenericWebApplicationContext@65c7a252: startup date [Thu Oct 19 20:00:22 EDT 2017]; root of context hierarchy
2017-10-19 20:00:37.362  INFO 3892 --- [main] s.w.s.m.m.a.RequestMappingHandlerAdapter : Detected ResponseBodyAdvice bean in org.springframework.boot.actuate.autoconfigure.EndpointWebMvcHypermediaManagementContextConfiguration$ActuatorEndpointLinksAdvice
2017-10-19 20:00:37.531  INFO 3892 --- [main] s.w.s.m.m.a.RequestMappingHandlerMapping : Mapped "{[/tasks/{id}/attachments],methods=[POST],consumes=[multipart/form-data]}" onto public com.csye6225.demo.pojo.Attachment com.csye6225.demo.controllers.AttachmentController.addFile(com.csye6225.demo.pojo.Attachment,java.lang.String)
2017-10-19 20:00:37.536  INFO 3892 --- [main] s.w.s.m.m.a.RequestMappingHandlerMapping : Mapped "{[/tasks/{id}/attachments/{idAttachments}],methods=[DELETE]}" onto public void com.csye6225.demo.controllers.AttachmentController.deleteFile(java.lang.String)
2017-10-19 20:00:37.537  INFO 3892 --- [main] s.w.s.m.m.a.RequestMappingHandlerMapping : Mapped "{[/tasks/{id}/attachments],methods=[GET]}" onto public java.util.Set<com.csye6225.demo.pojo.Attachment> com.csye6225.demo.controllers.AttachmentController.detailFile(java.lang.String)
2017-10-19 20:00:37.548  INFO 3892 --- [main] s.w.s.m.m.a.RequestMappingHandlerMapping : Mapped "{[/],methods=[GET],produces=[application/json]}" onto public java.lang.String com.csye6225.demo.controllers.HomeController.welcome()
2017-10-19 20:00:37.562  INFO 3892 --- [main] s.w.s.m.m.a.RequestMappingHandlerMapping : Mapped "{[/tasks],methods=[POST]}" onto public com.csye6225.demo.pojo.Task com.csye6225.demo.controllers.TaskController.addTask(com.csye6225.demo.pojo.Task)
2017-10-19 20:00:37.563  INFO 3892 --- [main] s.w.s.m.m.a.RequestMappingHandlerMapping : Mapped "{[/tasks/{id}],methods=[PUT]}" onto public com.csye6225.demo.pojo.Task com.csye6225.demo.controllers.TaskController.updateTask(com.csye6225.demo.pojo.Task,java.lang.String)
2017-10-19 20:00:37.564  INFO 3892 --- [main] s.w.s.m.m.a.RequestMappingHandlerMapping : Mapped "{[/tasks/{id}],methods=[DELETE]}" onto public void com.csye6225.demo.controllers.TaskController.deleteTask(java.lang.String)
2017-10-19 20:00:37.569  INFO 3892 --- [main] s.w.s.m.m.a.RequestMappingHandlerMapping : Mapped "{[/tasks/{id}],methods=[GET]}" onto public com.csye6225.demo.pojo.Task com.csye6225.demo.controllers.TaskController.detailTask(java.lang.String,javax.servlet.http.HttpServletResponse) throws java.lang.Exception
2017-10-19 20:00:37.570  INFO 3892 --- [main] s.w.s.m.m.a.RequestMappingHandlerMapping : Mapped "{[/tasks],methods=[GET]}" onto public java.lang.Iterable<com.csye6225.demo.pojo.Task> com.csye6225.demo.controllers.TaskController.allTask()
2017-10-19 20:00:37.576  INFO 3892 --- [main] s.w.s.m.m.a.RequestMappingHandlerMapping : Mapped "{[/user/login],methods=[POST]}" onto public java.lang.String com.csye6225.demo.controllers.UserController.login(com.csye6225.demo.pojo.User)
2017-10-19 20:00:37.580  INFO 3892 --- [main] s.w.s.m.m.a.RequestMappingHandlerMapping : Mapped "{[/user/{id}],methods=[GET]}" onto public com.csye6225.demo.pojo.User com.csye6225.demo.controllers.UserController.getAccount(java.lang.Long)
2017-10-19 20:00:37.580  INFO 3892 --- [main] s.w.s.m.m.a.RequestMappingHandlerMapping : Mapped "{[/user/all],methods=[GET]}" onto public java.lang.Iterable<com.csye6225.demo.pojo.User> com.csye6225.demo.controllers.UserController.getAllAccount()
2017-10-19 20:00:37.581  INFO 3892 --- [main] s.w.s.m.m.a.RequestMappingHandlerMapping : Mapped "{[/user/register],methods=[POST]}" onto public java.lang.String com.csye6225.demo.controllers.UserController.register(com.csye6225.demo.pojo.User)
2017-10-19 20:00:37.585  INFO 3892 --- [main] s.w.s.m.m.a.RequestMappingHandlerMapping : Mapped "{[/error],produces=[text/html]}" onto public org.springframework.web.servlet.ModelAndView org.springframework.boot.autoconfigure.web.BasicErrorController.errorHtml(javax.servlet.http.HttpServletRequest,javax.servlet.http.HttpServletResponse)
2017-10-19 20:00:37.585  INFO 3892 --- [main] s.w.s.m.m.a.RequestMappingHandlerMapping : Mapped "{[/error]}" onto public org.springframework.http.ResponseEntity<java.util.Map<java.lang.String, java.lang.Object>> org.springframework.boot.autoconfigure.web.BasicErrorController.error(javax.servlet.http.HttpServletRequest)
2017-10-19 20:00:37.702  INFO 3892 --- [main] o.s.w.s.handler.SimpleUrlHandlerMapping  : Mapped URL path [/webjars/**] onto handler of type [class org.springframework.web.servlet.resource.ResourceHttpRequestHandler]
2017-10-19 20:00:37.703  INFO 3892 --- [main] o.s.w.s.handler.SimpleUrlHandlerMapping  : Mapped URL path [/**] onto handler of type [class org.springframework.web.servlet.resource.ResourceHttpRequestHandler]
2017-10-19 20:00:37.703  INFO 3892 --- [main] o.s.w.s.handler.SimpleUrlHandlerMapping  : Mapped URL path [/docs/**] onto handler of type [class org.springframework.web.servlet.resource.ResourceHttpRequestHandler]
2017-10-19 20:00:37.740  INFO 3892 --- [main] .m.m.a.ExceptionHandlerExceptionResolver : Detected ResponseBodyAdvice implementation in org.springframework.boot.actuate.autoconfigure.EndpointWebMvcHypermediaManagementContextConfiguration$ActuatorEndpointLinksAdvice
2017-10-19 20:00:37.882  INFO 3892 --- [main] o.s.w.s.handler.SimpleUrlHandlerMapping  : Mapped URL path [/**/favicon.ico] onto handler of type [class org.springframework.web.servlet.resource.ResourceHttpRequestHandler]
2017-10-19 20:00:39.260  INFO 3892 --- [main] o.s.b.a.e.mvc.EndpointHandlerMapping     : Mapped "{[/loggers/{name:.*}],methods=[GET],produces=[application/vnd.spring-boot.actuator.v1+json || application/json]}" onto public java.lang.Object org.springframework.boot.actuate.endpoint.mvc.LoggersMvcEndpoint.get(java.lang.String)
2017-10-19 20:00:39.261  INFO 3892 --- [main] o.s.b.a.e.mvc.EndpointHandlerMapping     : Mapped "{[/loggers/{name:.*}],methods=[POST],consumes=[application/vnd.spring-boot.actuator.v1+json || application/json],produces=[application/vnd.spring-boot.actuator.v1+json || application/json]}" onto public java.lang.Object org.springframework.boot.actuate.endpoint.mvc.LoggersMvcEndpoint.set(java.lang.String,java.util.Map<java.lang.String, java.lang.String>)
2017-10-19 20:00:39.261  INFO 3892 --- [main] o.s.b.a.e.mvc.EndpointHandlerMapping     : Mapped "{[/loggers || /loggers.json],methods=[GET],produces=[application/vnd.spring-boot.actuator.v1+json || application/json]}" onto public java.lang.Object org.springframework.boot.actuate.endpoint.mvc.EndpointMvcAdapter.invoke()
2017-10-19 20:00:39.262  INFO 3892 --- [main] o.s.b.a.e.mvc.EndpointHandlerMapping     : Mapped "{[/health || /health.json],methods=[GET],produces=[application/vnd.spring-boot.actuator.v1+json || application/json]}" onto public java.lang.Object org.springframework.boot.actuate.endpoint.mvc.HealthMvcEndpoint.invoke(javax.servlet.http.HttpServletRequest,java.security.Principal)
2017-10-19 20:00:39.262  INFO 3892 --- [main] o.s.b.a.e.mvc.EndpointHandlerMapping     : Mapped "{[/actuator || /actuator.json],methods=[GET],produces=[application/vnd.spring-boot.actuator.v1+json || application/json]}" onto public org.springframework.hateoas.ResourceSupport org.springframework.boot.actuate.endpoint.mvc.HalJsonMvcEndpoint.links()
2017-10-19 20:00:39.265  INFO 3892 --- [main] o.s.b.a.e.mvc.EndpointHandlerMapping     : Mapped "{[/env/{name:.*}],methods=[GET],produces=[application/vnd.spring-boot.actuator.v1+json || application/json]}" onto public java.lang.Object org.springframework.boot.actuate.endpoint.mvc.EnvironmentMvcEndpoint.value(java.lang.String)
2017-10-19 20:00:39.266  INFO 3892 --- [main] o.s.b.a.e.mvc.EndpointHandlerMapping     : Mapped "{[/env || /env.json],methods=[GET],produces=[application/vnd.spring-boot.actuator.v1+json || application/json]}" onto public java.lang.Object org.springframework.boot.actuate.endpoint.mvc.EndpointMvcAdapter.invoke()
2017-10-19 20:00:39.268  INFO 3892 --- [main] o.s.b.a.e.mvc.EndpointHandlerMapping     : Mapped "{[/heapdump || /heapdump.json],methods=[GET],produces=[application/octet-stream]}" onto public void org.springframework.boot.actuate.endpoint.mvc.HeapdumpMvcEndpoint.invoke(boolean,javax.servlet.http.HttpServletRequest,javax.servlet.http.HttpServletResponse) throws java.io.IOException,javax.servlet.ServletException
2017-10-19 20:00:39.269  INFO 3892 --- [main] o.s.b.a.e.mvc.EndpointHandlerMapping     : Mapped "{[/info || /info.json],methods=[GET],produces=[application/vnd.spring-boot.actuator.v1+json || application/json]}" onto public java.lang.Object org.springframework.boot.actuate.endpoint.mvc.EndpointMvcAdapter.invoke()
2017-10-19 20:00:39.269  INFO 3892 --- [main] o.s.b.a.e.mvc.EndpointHandlerMapping     : Mapped "{[/dump || /dump.json],methods=[GET],produces=[application/vnd.spring-boot.actuator.v1+json || application/json]}" onto public java.lang.Object org.springframework.boot.actuate.endpoint.mvc.EndpointMvcAdapter.invoke()
2017-10-19 20:00:39.275  INFO 3892 --- [main] o.s.b.a.e.mvc.EndpointHandlerMapping     : Mapped "{[/beans || /beans.json],methods=[GET],produces=[application/vnd.spring-boot.actuator.v1+json || application/json]}" onto public java.lang.Object org.springframework.boot.actuate.endpoint.mvc.EndpointMvcAdapter.invoke()
2017-10-19 20:00:39.277  INFO 3892 --- [main] o.s.b.a.e.mvc.EndpointHandlerMapping     : Mapped "{[/metrics/{name:.*}],methods=[GET],produces=[application/vnd.spring-boot.actuator.v1+json || application/json]}" onto public java.lang.Object org.springframework.boot.actuate.endpoint.mvc.MetricsMvcEndpoint.value(java.lang.String)
2017-10-19 20:00:39.278  INFO 3892 --- [main] o.s.b.a.e.mvc.EndpointHandlerMapping     : Mapped "{[/metrics || /metrics.json],methods=[GET],produces=[application/vnd.spring-boot.actuator.v1+json || application/json]}" onto public java.lang.Object org.springframework.boot.actuate.endpoint.mvc.EndpointMvcAdapter.invoke()
2017-10-19 20:00:39.278  INFO 3892 --- [main] o.s.b.a.e.mvc.EndpointHandlerMapping     : Mapped "{[/docs],produces=[text/html]}" onto public java.lang.String org.springframework.boot.actuate.endpoint.mvc.DocsMvcEndpoint.redirect()
2017-10-19 20:00:39.278  INFO 3892 --- [main] o.s.b.a.e.mvc.EndpointHandlerMapping     : Mapped "{[/docs/],produces=[text/html]}" onto public java.lang.String org.springframework.boot.actuate.endpoint.mvc.DocsMvcEndpoint.browse()
2017-10-19 20:00:39.279  INFO 3892 --- [main] o.s.b.a.e.mvc.EndpointHandlerMapping     : Mapped "{[/mappings || /mappings.json],methods=[GET],produces=[application/vnd.spring-boot.actuator.v1+json || application/json]}" onto public java.lang.Object org.springframework.boot.actuate.endpoint.mvc.EndpointMvcAdapter.invoke()
2017-10-19 20:00:39.283  INFO 3892 --- [main] o.s.b.a.e.mvc.EndpointHandlerMapping     : Mapped "{[/logfile || /logfile.json],methods=[GET || HEAD]}" onto public void org.springframework.boot.actuate.endpoint.mvc.LogFileMvcEndpoint.invoke(javax.servlet.http.HttpServletRequest,javax.servlet.http.HttpServletResponse) throws javax.servlet.ServletException,java.io.IOException
2017-10-19 20:00:39.285  INFO 3892 --- [main] o.s.b.a.e.mvc.EndpointHandlerMapping     : Mapped "{[/trace || /trace.json],methods=[GET],produces=[application/vnd.spring-boot.actuator.v1+json || application/json]}" onto public java.lang.Object org.springframework.boot.actuate.endpoint.mvc.EndpointMvcAdapter.invoke()
2017-10-19 20:00:39.288  INFO 3892 --- [main] o.s.b.a.e.mvc.EndpointHandlerMapping     : Mapped "{[/autoconfig || /autoconfig.json],methods=[GET],produces=[application/vnd.spring-boot.actuator.v1+json || application/json]}" onto public java.lang.Object org.springframework.boot.actuate.endpoint.mvc.EndpointMvcAdapter.invoke()
2017-10-19 20:00:39.289  INFO 3892 --- [main] o.s.b.a.e.mvc.EndpointHandlerMapping     : Mapped "{[/auditevents || /auditevents.json],methods=[GET],produces=[application/vnd.spring-boot.actuator.v1+json || application/json]}" onto public org.springframework.http.ResponseEntity<?> org.springframework.boot.actuate.endpoint.mvc.AuditEventsMvcEndpoint.findByPrincipalAndAfterAndType(java.lang.String,java.util.Date,java.lang.String)
2017-10-19 20:00:39.290  INFO 3892 --- [main] o.s.b.a.e.mvc.EndpointHandlerMapping     : Mapped "{[/configprops || /configprops.json],methods=[GET],produces=[application/vnd.spring-boot.actuator.v1+json || application/json]}" onto public java.lang.Object org.springframework.boot.actuate.endpoint.mvc.EndpointMvcAdapter.invoke()
2017-10-19 20:00:39.865  INFO 3892 --- [main] o.s.jdbc.datasource.init.ScriptUtils     : Executing SQL script from class path resource [org/springframework/session/jdbc/schema-mysql.sql]
2017-10-19 20:00:39.895  INFO 3892 --- [main] o.s.jdbc.datasource.init.ScriptUtils     : Executed SQL script from class path resource [org/springframework/session/jdbc/schema-mysql.sql] in 28 ms.
2017-10-19 20:00:40.236  INFO 3892 --- [main] s.a.ScheduledAnnotationBeanPostProcessor : No TaskScheduler/ScheduledExecutorService bean found for scheduled processing
2017-10-19 20:00:40.295  INFO 3892 --- [main] com.csye6225.demo.DemoApplicationTests   : Started DemoApplicationTests in 20.763 seconds (JVM running for 25.057)
2017-10-19 20:00:40.492  INFO 3892 --- [Thread-4] o.s.w.c.s.GenericWebApplicationContext   : Closing org.springframework.web.context.support.GenericWebApplicationContext@65c7a252: startup date [Thu Oct 19 20:00:22 EDT 2017]; root of context hierarchy
2017-10-19 20:00:40.511  INFO 3892 --- [Thread-4] j.LocalContainerEntityManagerFactoryBean : Closing JPA EntityManagerFactory for persistence unit 'default'
